{"C:\\Users\\hp\\Music\\MyProjects\\SnapFix\\Server\\controllers\\ReportController.js": {"path":"C:\\Users\\hp\\Music\\MyProjects\\SnapFix\\Server\\controllers\\ReportController.js","statementMap":{"0":{"start":{"line":12,"column":19},"end":{"line":16,"column":2}},"1":{"start":{"line":18,"column":34},"end":{"line":25,"column":1}},"2":{"start":{"line":19,"column":4},"end":{"line":19,"column":85}},"3":{"start":{"line":19,"column":76},"end":{"line":19,"column":85}},"4":{"start":{"line":20,"column":21},"end":{"line":20,"column":22}},"5":{"start":{"line":21,"column":4},"end":{"line":23,"column":5}},"6":{"start":{"line":21,"column":17},"end":{"line":21,"column":18}},"7":{"start":{"line":22,"column":8},"end":{"line":22,"column":40}},"8":{"start":{"line":24,"column":4},"end":{"line":24,"column":22}},"9":{"start":{"line":28,"column":21},"end":{"line":490,"column":1}},"10":{"start":{"line":29,"column":25},"end":{"line":29,"column":42}},"11":{"start":{"line":31,"column":4},"end":{"line":489,"column":5}},"12":{"start":{"line":38,"column":12},"end":{"line":38,"column":20}},"13":{"start":{"line":44,"column":8},"end":{"line":49,"column":9}},"14":{"start":{"line":45,"column":12},"end":{"line":48,"column":15}},"15":{"start":{"line":51,"column":8},"end":{"line":56,"column":9}},"16":{"start":{"line":52,"column":12},"end":{"line":55,"column":15}},"17":{"start":{"line":58,"column":23},"end":{"line":58,"column":36}},"18":{"start":{"line":64,"column":33},"end":{"line":64,"column":50}},"19":{"start":{"line":67,"column":33},"end":{"line":70,"column":23}},"20":{"start":{"line":72,"column":8},"end":{"line":75,"column":10}},"21":{"start":{"line":77,"column":32},"end":{"line":77,"column":49}},"22":{"start":{"line":78,"column":24},"end":{"line":78,"column":41}},"23":{"start":{"line":80,"column":24},"end":{"line":80,"column":69}},"24":{"start":{"line":83,"column":34},"end":{"line":102,"column":10}},"25":{"start":{"line":84,"column":33},"end":{"line":100,"column":13}},"26":{"start":{"line":90,"column":20},"end":{"line":98,"column":21}},"27":{"start":{"line":91,"column":24},"end":{"line":91,"column":76}},"28":{"start":{"line":92,"column":24},"end":{"line":92,"column":38}},"29":{"start":{"line":94,"column":24},"end":{"line":96,"column":26}},"30":{"start":{"line":97,"column":24},"end":{"line":97,"column":40}},"31":{"start":{"line":101,"column":12},"end":{"line":101,"column":47}},"32":{"start":{"line":105,"column":25},"end":{"line":105,"column":39}},"33":{"start":{"line":106,"column":8},"end":{"line":113,"column":10}},"34":{"start":{"line":116,"column":26},"end":{"line":148,"column":14}},"35":{"start":{"line":129,"column":16},"end":{"line":131,"column":18}},"36":{"start":{"line":133,"column":16},"end":{"line":133,"column":32}},"37":{"start":{"line":136,"column":16},"end":{"line":139,"column":18}},"38":{"start":{"line":141,"column":16},"end":{"line":143,"column":18}},"39":{"start":{"line":145,"column":16},"end":{"line":147,"column":18}},"40":{"start":{"line":150,"column":30},"end":{"line":150,"column":47}},"41":{"start":{"line":155,"column":12},"end":{"line":158,"column":10}},"42":{"start":{"line":160,"column":8},"end":{"line":162,"column":10}},"43":{"start":{"line":164,"column":25},"end":{"line":164,"column":41}},"44":{"start":{"line":170,"column":34},"end":{"line":170,"column":51}},"45":{"start":{"line":172,"column":37},"end":{"line":172,"column":40}},"46":{"start":{"line":174,"column":8},"end":{"line":194,"column":9}},"47":{"start":{"line":181,"column":12},"end":{"line":183,"column":14}},"48":{"start":{"line":185,"column":12},"end":{"line":193,"column":15}},"49":{"start":{"line":196,"column":8},"end":{"line":198,"column":10}},"50":{"start":{"line":204,"column":36},"end":{"line":204,"column":53}},"51":{"start":{"line":206,"column":30},"end":{"line":227,"column":19}},"52":{"start":{"line":229,"column":8},"end":{"line":231,"column":10}},"53":{"start":{"line":237,"column":32},"end":{"line":237,"column":49}},"54":{"start":{"line":239,"column":30},"end":{"line":239,"column":34}},"55":{"start":{"line":241,"column":8},"end":{"line":262,"column":9}},"56":{"start":{"line":243,"column":12},"end":{"line":254,"column":13}},"57":{"start":{"line":245,"column":35},"end":{"line":248,"column":17}},"58":{"start":{"line":250,"column":16},"end":{"line":253,"column":17}},"59":{"start":{"line":251,"column":20},"end":{"line":251,"column":45}},"60":{"start":{"line":252,"column":20},"end":{"line":252,"column":26}},"61":{"start":{"line":258,"column":12},"end":{"line":260,"column":14}},"62":{"start":{"line":259,"column":26},"end":{"line":259,"column":54}},"63":{"start":{"line":264,"column":8},"end":{"line":266,"column":10}},"64":{"start":{"line":272,"column":8},"end":{"line":322,"column":9}},"65":{"start":{"line":274,"column":35},"end":{"line":274,"column":52}},"66":{"start":{"line":277,"column":16},"end":{"line":280,"column":17}},"67":{"start":{"line":279,"column":24},"end":{"line":279,"column":61}},"68":{"start":{"line":282,"column":12},"end":{"line":304,"column":13}},"69":{"start":{"line":284,"column":16},"end":{"line":294,"column":18}},"70":{"start":{"line":296,"column":16},"end":{"line":303,"column":18}},"71":{"start":{"line":306,"column":12},"end":{"line":308,"column":14}},"72":{"start":{"line":310,"column":12},"end":{"line":312,"column":14}},"73":{"start":{"line":314,"column":12},"end":{"line":321,"column":15}},"74":{"start":{"line":328,"column":33},"end":{"line":337,"column":9}},"75":{"start":{"line":343,"column":30},"end":{"line":343,"column":47}},"76":{"start":{"line":345,"column":26},"end":{"line":370,"column":9}},"77":{"start":{"line":372,"column":29},"end":{"line":372,"column":73}},"78":{"start":{"line":373,"column":23},"end":{"line":373,"column":69}},"79":{"start":{"line":375,"column":8},"end":{"line":377,"column":10}},"80":{"start":{"line":383,"column":26},"end":{"line":383,"column":58}},"81":{"start":{"line":385,"column":8},"end":{"line":387,"column":10}},"82":{"start":{"line":389,"column":32},"end":{"line":403,"column":9}},"83":{"start":{"line":408,"column":8},"end":{"line":408,"column":46}},"84":{"start":{"line":416,"column":8},"end":{"line":464,"column":9}},"85":{"start":{"line":419,"column":36},"end":{"line":419,"column":53}},"86":{"start":{"line":421,"column":12},"end":{"line":440,"column":13}},"87":{"start":{"line":422,"column":16},"end":{"line":429,"column":18}},"88":{"start":{"line":431,"column":16},"end":{"line":433,"column":18}},"89":{"start":{"line":436,"column":16},"end":{"line":439,"column":18}},"90":{"start":{"line":443,"column":38},"end":{"line":443,"column":55}},"91":{"start":{"line":445,"column":12},"end":{"line":463,"column":13}},"92":{"start":{"line":446,"column":16},"end":{"line":452,"column":18}},"93":{"start":{"line":454,"column":16},"end":{"line":456,"column":18}},"94":{"start":{"line":459,"column":16},"end":{"line":462,"column":18}},"95":{"start":{"line":466,"column":8},"end":{"line":466,"column":15}},"96":{"start":{"line":476,"column":8},"end":{"line":488,"column":9}},"97":{"start":{"line":477,"column":12},"end":{"line":487,"column":14}},"98":{"start":{"line":480,"column":20},"end":{"line":485,"column":21}},"99":{"start":{"line":481,"column":24},"end":{"line":484,"column":26}},"100":{"start":{"line":493,"column":22},"end":{"line":532,"column":1}},"101":{"start":{"line":494,"column":4},"end":{"line":531,"column":5}},"102":{"start":{"line":495,"column":23},"end":{"line":495,"column":36}},"103":{"start":{"line":496,"column":23},"end":{"line":496,"column":33}},"104":{"start":{"line":497,"column":23},"end":{"line":497,"column":48}},"105":{"start":{"line":498,"column":8},"end":{"line":500,"column":9}},"106":{"start":{"line":499,"column":12},"end":{"line":499,"column":88}},"107":{"start":{"line":501,"column":31},"end":{"line":503,"column":9}},"108":{"start":{"line":502,"column":21},"end":{"line":502,"column":57}},"109":{"start":{"line":505,"column":8},"end":{"line":523,"column":9}},"110":{"start":{"line":506,"column":12},"end":{"line":506,"column":44}},"111":{"start":{"line":507,"column":12},"end":{"line":511,"column":13}},"112":{"start":{"line":513,"column":12},"end":{"line":513,"column":44}},"113":{"start":{"line":514,"column":12},"end":{"line":518,"column":13}},"114":{"start":{"line":520,"column":12},"end":{"line":522,"column":13}},"115":{"start":{"line":521,"column":16},"end":{"line":521,"column":137}},"116":{"start":{"line":524,"column":8},"end":{"line":524,"column":52}},"117":{"start":{"line":525,"column":8},"end":{"line":525,"column":28}},"118":{"start":{"line":526,"column":8},"end":{"line":526,"column":134}},"119":{"start":{"line":529,"column":8},"end":{"line":529,"column":35}},"120":{"start":{"line":530,"column":8},"end":{"line":530,"column":77}},"121":{"start":{"line":537,"column":29},"end":{"line":549,"column":1}},"122":{"start":{"line":538,"column":4},"end":{"line":548,"column":5}},"123":{"start":{"line":539,"column":23},"end":{"line":539,"column":33}},"124":{"start":{"line":540,"column":23},"end":{"line":540,"column":48}},"125":{"start":{"line":541,"column":8},"end":{"line":542,"column":93}},"126":{"start":{"line":542,"column":12},"end":{"line":542,"column":93}},"127":{"start":{"line":544,"column":8},"end":{"line":544,"column":55}},"128":{"start":{"line":546,"column":8},"end":{"line":546,"column":34}},"129":{"start":{"line":547,"column":8},"end":{"line":547,"column":88}},"130":{"start":{"line":552,"column":29},"end":{"line":605,"column":1}},"131":{"start":{"line":553,"column":4},"end":{"line":604,"column":5}},"132":{"start":{"line":554,"column":23},"end":{"line":554,"column":36}},"133":{"start":{"line":557,"column":28},"end":{"line":557,"column":92}},"134":{"start":{"line":559,"column":8},"end":{"line":565,"column":9}},"135":{"start":{"line":560,"column":12},"end":{"line":564,"column":14}},"136":{"start":{"line":566,"column":33},"end":{"line":566,"column":35}},"137":{"start":{"line":567,"column":29},"end":{"line":567,"column":33}},"138":{"start":{"line":570,"column":8},"end":{"line":586,"column":9}},"139":{"start":{"line":571,"column":32},"end":{"line":571,"column":63}},"140":{"start":{"line":573,"column":27},"end":{"line":583,"column":26}},"141":{"start":{"line":585,"column":12},"end":{"line":585,"column":44}},"142":{"start":{"line":589,"column":33},"end":{"line":589,"column":42}},"143":{"start":{"line":590,"column":8},"end":{"line":592,"column":9}},"144":{"start":{"line":591,"column":12},"end":{"line":591,"column":53}},"145":{"start":{"line":594,"column":30},"end":{"line":594,"column":67}},"146":{"start":{"line":595,"column":8},"end":{"line":599,"column":10}},"147":{"start":{"line":602,"column":8},"end":{"line":602,"column":34}},"148":{"start":{"line":603,"column":8},"end":{"line":603,"column":105}}},"fnMap":{"0":{"name":"(anonymous_0)","decl":{"start":{"line":18,"column":34},"end":{"line":18,"column":35}},"loc":{"start":{"line":18,"column":50},"end":{"line":25,"column":1}},"line":18},"1":{"name":"(anonymous_1)","decl":{"start":{"line":28,"column":21},"end":{"line":28,"column":22}},"loc":{"start":{"line":28,"column":41},"end":{"line":490,"column":1}},"line":28},"2":{"name":"(anonymous_2)","decl":{"start":{"line":83,"column":46},"end":{"line":83,"column":47}},"loc":{"start":{"line":83,"column":67},"end":{"line":102,"column":9}},"line":83},"3":{"name":"(anonymous_3)","decl":{"start":{"line":89,"column":16},"end":{"line":89,"column":17}},"loc":{"start":{"line":89,"column":35},"end":{"line":99,"column":17}},"line":89},"4":{"name":"(anonymous_4)","decl":{"start":{"line":128,"column":18},"end":{"line":128,"column":19}},"loc":{"start":{"line":128,"column":30},"end":{"line":134,"column":13}},"line":128},"5":{"name":"(anonymous_5)","decl":{"start":{"line":135,"column":19},"end":{"line":135,"column":20}},"loc":{"start":{"line":135,"column":28},"end":{"line":148,"column":13}},"line":135},"6":{"name":"(anonymous_6)","decl":{"start":{"line":259,"column":16},"end":{"line":259,"column":17}},"loc":{"start":{"line":259,"column":26},"end":{"line":259,"column":54}},"line":259},"7":{"name":"(anonymous_7)","decl":{"start":{"line":278,"column":20},"end":{"line":278,"column":21}},"loc":{"start":{"line":279,"column":24},"end":{"line":279,"column":61}},"line":279},"8":{"name":"(anonymous_8)","decl":{"start":{"line":479,"column":16},"end":{"line":479,"column":17}},"loc":{"start":{"line":479,"column":23},"end":{"line":486,"column":17}},"line":479},"9":{"name":"(anonymous_9)","decl":{"start":{"line":493,"column":22},"end":{"line":493,"column":23}},"loc":{"start":{"line":493,"column":42},"end":{"line":532,"column":1}},"line":493},"10":{"name":"(anonymous_10)","decl":{"start":{"line":502,"column":12},"end":{"line":502,"column":13}},"loc":{"start":{"line":502,"column":21},"end":{"line":502,"column":57}},"line":502},"11":{"name":"(anonymous_11)","decl":{"start":{"line":537,"column":29},"end":{"line":537,"column":30}},"loc":{"start":{"line":537,"column":49},"end":{"line":549,"column":1}},"line":537},"12":{"name":"(anonymous_12)","decl":{"start":{"line":552,"column":29},"end":{"line":552,"column":30}},"loc":{"start":{"line":552,"column":49},"end":{"line":605,"column":1}},"line":552}},"branchMap":{"0":{"loc":{"start":{"line":19,"column":4},"end":{"line":19,"column":85}},"type":"if","locations":[{"start":{"line":19,"column":4},"end":{"line":19,"column":85}},{"start":{},"end":{}}],"line":19},"1":{"loc":{"start":{"line":19,"column":8},"end":{"line":19,"column":74}},"type":"binary-expr","locations":[{"start":{"line":19,"column":8},"end":{"line":19,"column":13}},{"start":{"line":19,"column":17},"end":{"line":19,"column":22}},{"start":{"line":19,"column":26},"end":{"line":19,"column":43}},{"start":{"line":19,"column":47},"end":{"line":19,"column":74}}],"line":19},"2":{"loc":{"start":{"line":44,"column":8},"end":{"line":49,"column":9}},"type":"if","locations":[{"start":{"line":44,"column":8},"end":{"line":49,"column":9}},{"start":{},"end":{}}],"line":44},"3":{"loc":{"start":{"line":44,"column":12},"end":{"line":44,"column":49}},"type":"binary-expr","locations":[{"start":{"line":44,"column":12},"end":{"line":44,"column":28}},{"start":{"line":44,"column":32},"end":{"line":44,"column":49}}],"line":44},"4":{"loc":{"start":{"line":51,"column":8},"end":{"line":56,"column":9}},"type":"if","locations":[{"start":{"line":51,"column":8},"end":{"line":56,"column":9}},{"start":{},"end":{}}],"line":51},"5":{"loc":{"start":{"line":90,"column":20},"end":{"line":98,"column":21}},"type":"if","locations":[{"start":{"line":90,"column":20},"end":{"line":98,"column":21}},{"start":{"line":93,"column":27},"end":{"line":98,"column":21}}],"line":90},"6":{"loc":{"start":{"line":174,"column":8},"end":{"line":194,"column":9}},"type":"if","locations":[{"start":{"line":174,"column":8},"end":{"line":194,"column":9}},{"start":{},"end":{}}],"line":174},"7":{"loc":{"start":{"line":175,"column":12},"end":{"line":179,"column":13}},"type":"binary-expr","locations":[{"start":{"line":175,"column":12},"end":{"line":175,"column":20}},{"start":{"line":177,"column":16},"end":{"line":177,"column":34}},{"start":{"line":178,"column":16},"end":{"line":178,"column":58}}],"line":175},"8":{"loc":{"start":{"line":241,"column":8},"end":{"line":262,"column":9}},"type":"if","locations":[{"start":{"line":241,"column":8},"end":{"line":262,"column":9}},{"start":{"line":256,"column":15},"end":{"line":262,"column":9}}],"line":241},"9":{"loc":{"start":{"line":250,"column":16},"end":{"line":253,"column":17}},"type":"if","locations":[{"start":{"line":250,"column":16},"end":{"line":253,"column":17}},{"start":{},"end":{}}],"line":250},"10":{"loc":{"start":{"line":272,"column":8},"end":{"line":322,"column":9}},"type":"if","locations":[{"start":{"line":272,"column":8},"end":{"line":322,"column":9}},{"start":{},"end":{}}],"line":272},"11":{"loc":{"start":{"line":282,"column":12},"end":{"line":304,"column":13}},"type":"if","locations":[{"start":{"line":282,"column":12},"end":{"line":304,"column":13}},{"start":{},"end":{}}],"line":282},"12":{"loc":{"start":{"line":282,"column":16},"end":{"line":282,"column":41}},"type":"binary-expr","locations":[{"start":{"line":282,"column":16},"end":{"line":282,"column":31}},{"start":{"line":282,"column":35},"end":{"line":282,"column":41}}],"line":282},"13":{"loc":{"start":{"line":350,"column":23},"end":{"line":350,"column":74}},"type":"cond-expr","locations":[{"start":{"line":350,"column":32},"end":{"line":350,"column":67}},{"start":{"line":350,"column":70},"end":{"line":350,"column":74}}],"line":350},"14":{"loc":{"start":{"line":365,"column":26},"end":{"line":365,"column":51}},"type":"binary-expr","locations":[{"start":{"line":365,"column":26},"end":{"line":365,"column":46}},{"start":{"line":365,"column":50},"end":{"line":365,"column":51}}],"line":365},"15":{"loc":{"start":{"line":366,"column":23},"end":{"line":366,"column":48}},"type":"binary-expr","locations":[{"start":{"line":366,"column":23},"end":{"line":366,"column":42}},{"start":{"line":366,"column":46},"end":{"line":366,"column":48}}],"line":366},"16":{"loc":{"start":{"line":416,"column":8},"end":{"line":464,"column":9}},"type":"if","locations":[{"start":{"line":416,"column":8},"end":{"line":464,"column":9}},{"start":{},"end":{}}],"line":416},"17":{"loc":{"start":{"line":476,"column":8},"end":{"line":488,"column":9}},"type":"if","locations":[{"start":{"line":476,"column":8},"end":{"line":488,"column":9}},{"start":{},"end":{}}],"line":476},"18":{"loc":{"start":{"line":480,"column":20},"end":{"line":485,"column":21}},"type":"if","locations":[{"start":{"line":480,"column":20},"end":{"line":485,"column":21}},{"start":{},"end":{}}],"line":480},"19":{"loc":{"start":{"line":498,"column":8},"end":{"line":500,"column":9}},"type":"if","locations":[{"start":{"line":498,"column":8},"end":{"line":500,"column":9}},{"start":{},"end":{}}],"line":498},"20":{"loc":{"start":{"line":505,"column":8},"end":{"line":523,"column":9}},"type":"if","locations":[{"start":{"line":505,"column":8},"end":{"line":523,"column":9}},{"start":{"line":512,"column":15},"end":{"line":523,"column":9}}],"line":505},"21":{"loc":{"start":{"line":520,"column":12},"end":{"line":522,"column":13}},"type":"if","locations":[{"start":{"line":520,"column":12},"end":{"line":522,"column":13}},{"start":{},"end":{}}],"line":520},"22":{"loc":{"start":{"line":520,"column":16},"end":{"line":520,"column":85}},"type":"binary-expr","locations":[{"start":{"line":520,"column":16},"end":{"line":520,"column":32}},{"start":{"line":520,"column":36},"end":{"line":520,"column":85}}],"line":520},"23":{"loc":{"start":{"line":526,"column":55},"end":{"line":526,"column":106}},"type":"cond-expr","locations":[{"start":{"line":526,"column":72},"end":{"line":526,"column":88}},{"start":{"line":526,"column":91},"end":{"line":526,"column":106}}],"line":526},"24":{"loc":{"start":{"line":541,"column":8},"end":{"line":542,"column":93}},"type":"if","locations":[{"start":{"line":541,"column":8},"end":{"line":542,"column":93}},{"start":{},"end":{}}],"line":541},"25":{"loc":{"start":{"line":559,"column":8},"end":{"line":565,"column":9}},"type":"if","locations":[{"start":{"line":559,"column":8},"end":{"line":565,"column":9}},{"start":{},"end":{}}],"line":559}},"s":{"0":1,"1":1,"2":4,"3":2,"4":2,"5":2,"6":2,"7":4,"8":2,"9":1,"10":0,"11":0,"12":0,"13":0,"14":0,"15":0,"16":0,"17":0,"18":0,"19":0,"20":0,"21":0,"22":0,"23":0,"24":0,"25":0,"26":0,"27":0,"28":0,"29":0,"30":0,"31":0,"32":0,"33":0,"34":0,"35":0,"36":0,"37":0,"38":0,"39":0,"40":0,"41":0,"42":0,"43":0,"44":0,"45":0,"46":0,"47":0,"48":0,"49":0,"50":0,"51":0,"52":0,"53":0,"54":0,"55":0,"56":0,"57":0,"58":0,"59":0,"60":0,"61":0,"62":0,"63":0,"64":0,"65":0,"66":0,"67":0,"68":0,"69":0,"70":0,"71":0,"72":0,"73":0,"74":0,"75":0,"76":0,"77":0,"78":0,"79":0,"80":0,"81":0,"82":0,"83":0,"84":0,"85":0,"86":0,"87":0,"88":0,"89":0,"90":0,"91":0,"92":0,"93":0,"94":0,"95":0,"96":0,"97":0,"98":0,"99":0,"100":1,"101":0,"102":0,"103":0,"104":0,"105":0,"106":0,"107":0,"108":0,"109":0,"110":0,"111":0,"112":0,"113":0,"114":0,"115":0,"116":0,"117":0,"118":0,"119":0,"120":0,"121":1,"122":0,"123":0,"124":0,"125":0,"126":0,"127":0,"128":0,"129":0,"130":1,"131":0,"132":0,"133":0,"134":0,"135":0,"136":0,"137":0,"138":0,"139":0,"140":0,"141":0,"142":0,"143":0,"144":0,"145":0,"146":0,"147":0,"148":0},"f":{"0":4,"1":0,"2":0,"3":0,"4":0,"5":0,"6":0,"7":0,"8":0,"9":0,"10":0,"11":0,"12":0},"b":{"0":[2,2],"1":[4,3,3,3],"2":[0,0],"3":[0,0],"4":[0,0],"5":[0,0],"6":[0,0],"7":[0,0,0],"8":[0,0],"9":[0,0],"10":[0,0],"11":[0,0],"12":[0,0],"13":[0,0],"14":[0,0],"15":[0,0],"16":[0,0],"17":[0,0],"18":[0,0],"19":[0,0],"20":[0,0],"21":[0,0],"22":[0,0],"23":[0,0],"24":[0,0],"25":[0,0]},"inputSourceMap":null,"_coverageSchema":"1a1c01bbd47fc00a2c39e90264f33305004495a9","hash":"6bc9f74b53be895a9526e810cb15f57c0e4ab438"}
,"C:\\Users\\hp\\Music\\MyProjects\\SnapFix\\Server\\controllers\\notificationController.js": {"path":"C:\\Users\\hp\\Music\\MyProjects\\SnapFix\\Server\\controllers\\notificationController.js","statementMap":{"0":{"start":{"line":4,"column":25},"end":{"line":18,"column":1}},"1":{"start":{"line":5,"column":4},"end":{"line":17,"column":5}},"2":{"start":{"line":6,"column":23},"end":{"line":6,"column":36}},"3":{"start":{"line":7,"column":25},"end":{"line":7,"column":106}},"4":{"start":{"line":9,"column":30},"end":{"line":11,"column":22}},"5":{"start":{"line":13,"column":8},"end":{"line":13,"column":63}},"6":{"start":{"line":15,"column":8},"end":{"line":15,"column":70}},"7":{"start":{"line":16,"column":8},"end":{"line":16,"column":91}},"8":{"start":{"line":21,"column":19},"end":{"line":30,"column":1}},"9":{"start":{"line":22,"column":4},"end":{"line":29,"column":5}},"10":{"start":{"line":23,"column":23},"end":{"line":23,"column":33}},"11":{"start":{"line":24,"column":8},"end":{"line":24,"column":67}},"12":{"start":{"line":25,"column":8},"end":{"line":25,"column":88}},"13":{"start":{"line":27,"column":8},"end":{"line":27,"column":76}},"14":{"start":{"line":28,"column":8},"end":{"line":28,"column":97}},"15":{"start":{"line":33,"column":27},"end":{"line":39,"column":1}},"16":{"start":{"line":34,"column":4},"end":{"line":38,"column":5}},"17":{"start":{"line":35,"column":8},"end":{"line":35,"column":71}},"18":{"start":{"line":37,"column":8},"end":{"line":37,"column":76}}},"fnMap":{"0":{"name":"(anonymous_0)","decl":{"start":{"line":4,"column":25},"end":{"line":4,"column":26}},"loc":{"start":{"line":4,"column":45},"end":{"line":18,"column":1}},"line":4},"1":{"name":"(anonymous_1)","decl":{"start":{"line":21,"column":19},"end":{"line":21,"column":20}},"loc":{"start":{"line":21,"column":39},"end":{"line":30,"column":1}},"line":21},"2":{"name":"(anonymous_2)","decl":{"start":{"line":33,"column":27},"end":{"line":33,"column":28}},"loc":{"start":{"line":33,"column":70},"end":{"line":39,"column":1}},"line":33}},"branchMap":{"0":{"loc":{"start":{"line":7,"column":25},"end":{"line":7,"column":106}},"type":"cond-expr","locations":[{"start":{"line":7,"column":50},"end":{"line":7,"column":56}},{"start":{"line":7,"column":60},"end":{"line":7,"column":105}}],"line":7},"1":{"loc":{"start":{"line":7,"column":60},"end":{"line":7,"column":105}},"type":"cond-expr","locations":[{"start":{"line":7,"column":87},"end":{"line":7,"column":95}},{"start":{"line":7,"column":98},"end":{"line":7,"column":105}}],"line":7}},"s":{"0":1,"1":0,"2":0,"3":0,"4":0,"5":0,"6":0,"7":0,"8":1,"9":0,"10":0,"11":0,"12":0,"13":0,"14":0,"15":1,"16":0,"17":0,"18":0},"f":{"0":0,"1":0,"2":0},"b":{"0":[0,0],"1":[0,0]},"inputSourceMap":null,"_coverageSchema":"1a1c01bbd47fc00a2c39e90264f33305004495a9","hash":"c4715de749bb8ba0d3bc2f54f4e46e9cf4b91ce8"}
,"C:\\Users\\hp\\Music\\MyProjects\\SnapFix\\Server\\models\\bidModel.js": {"path":"C:\\Users\\hp\\Music\\MyProjects\\SnapFix\\Server\\models\\bidModel.js","statementMap":{"0":{"start":{"line":3,"column":18},"end":{"line":10,"column":22}},"1":{"start":{"line":12,"column":0},"end":{"line":15,"column":2}},"2":{"start":{"line":17,"column":12},"end":{"line":17,"column":67}}},"fnMap":{},"branchMap":{"0":{"loc":{"start":{"line":17,"column":12},"end":{"line":17,"column":67}},"type":"binary-expr","locations":[{"start":{"line":17,"column":12},"end":{"line":17,"column":31}},{"start":{"line":17,"column":35},"end":{"line":17,"column":67}}],"line":17}},"s":{"0":1,"1":1,"2":1},"f":{},"b":{"0":[1,1]},"inputSourceMap":null,"_coverageSchema":"1a1c01bbd47fc00a2c39e90264f33305004495a9","hash":"bb2c4df8b0a8f12aa01298fd9e3c7e5b72305fdf"}
,"C:\\Users\\hp\\Music\\MyProjects\\SnapFix\\Server\\models\\notificationModel.js": {"path":"C:\\Users\\hp\\Music\\MyProjects\\SnapFix\\Server\\models\\notificationModel.js","statementMap":{"0":{"start":{"line":3,"column":27},"end":{"line":9,"column":22}},"1":{"start":{"line":11,"column":0},"end":{"line":11,"column":48}},"2":{"start":{"line":13,"column":21},"end":{"line":13,"column":103}}},"fnMap":{},"branchMap":{"0":{"loc":{"start":{"line":13,"column":21},"end":{"line":13,"column":103}},"type":"binary-expr","locations":[{"start":{"line":13,"column":21},"end":{"line":13,"column":49}},{"start":{"line":13,"column":53},"end":{"line":13,"column":103}}],"line":13}},"s":{"0":1,"1":1,"2":1},"f":{},"b":{"0":[1,1]},"inputSourceMap":null,"_coverageSchema":"1a1c01bbd47fc00a2c39e90264f33305004495a9","hash":"7122d783a49198b859bc10d29e0fafcc7521e66c"}
,"C:\\Users\\hp\\Music\\MyProjects\\SnapFix\\Server\\models\\reportModel.js": {"path":"C:\\Users\\hp\\Music\\MyProjects\\SnapFix\\Server\\models\\reportModel.js","statementMap":{"0":{"start":{"line":3,"column":21},"end":{"line":47,"column":24}},"1":{"start":{"line":16,"column":20},"end":{"line":18,"column":21}},"2":{"start":{"line":17,"column":24},"end":{"line":17,"column":37}},"3":{"start":{"line":20,"column":50},"end":{"line":20,"column":56}},"4":{"start":{"line":22,"column":20},"end":{"line":27,"column":22}},"5":{"start":{"line":49,"column":0},"end":{"line":49,"column":36}},"6":{"start":{"line":50,"column":0},"end":{"line":50,"column":44}},"7":{"start":{"line":52,"column":15},"end":{"line":52,"column":79}}},"fnMap":{"0":{"name":"(anonymous_0)","decl":{"start":{"line":15,"column":16},"end":{"line":15,"column":17}},"loc":{"start":{"line":15,"column":34},"end":{"line":28,"column":17}},"line":15}},"branchMap":{"0":{"loc":{"start":{"line":16,"column":20},"end":{"line":18,"column":21}},"type":"if","locations":[{"start":{"line":16,"column":20},"end":{"line":18,"column":21}},{"start":{},"end":{}}],"line":16},"1":{"loc":{"start":{"line":16,"column":24},"end":{"line":16,"column":54}},"type":"binary-expr","locations":[{"start":{"line":16,"column":24},"end":{"line":16,"column":31}},{"start":{"line":16,"column":35},"end":{"line":16,"column":54}}],"line":16},"2":{"loc":{"start":{"line":23,"column":24},"end":{"line":26,"column":38}},"type":"binary-expr","locations":[{"start":{"line":23,"column":24},"end":{"line":23,"column":41}},{"start":{"line":24,"column":24},"end":{"line":24,"column":40}},{"start":{"line":25,"column":24},"end":{"line":25,"column":39}},{"start":{"line":26,"column":24},"end":{"line":26,"column":38}}],"line":23},"3":{"loc":{"start":{"line":52,"column":15},"end":{"line":52,"column":79}},"type":"binary-expr","locations":[{"start":{"line":52,"column":15},"end":{"line":52,"column":37}},{"start":{"line":52,"column":41},"end":{"line":52,"column":79}}],"line":52}},"s":{"0":2,"1":1,"2":0,"3":1,"4":1,"5":2,"6":2,"7":2},"f":{"0":1},"b":{"0":[0,1],"1":[1,1],"2":[1,1,0,0],"3":[2,2]},"inputSourceMap":null,"_coverageSchema":"1a1c01bbd47fc00a2c39e90264f33305004495a9","hash":"40457346c4e51566c110d31fbcf7add884690e38"}
,"C:\\Users\\hp\\Music\\MyProjects\\SnapFix\\Server\\models\\taskAssignmentModel.js": {"path":"C:\\Users\\hp\\Music\\MyProjects\\SnapFix\\Server\\models\\taskAssignmentModel.js","statementMap":{"0":{"start":{"line":3,"column":29},"end":{"line":22,"column":24}},"1":{"start":{"line":24,"column":0},"end":{"line":24,"column":78}},"2":{"start":{"line":27,"column":13},"end":{"line":27,"column":81}}},"fnMap":{},"branchMap":{"0":{"loc":{"start":{"line":27,"column":13},"end":{"line":27,"column":81}},"type":"binary-expr","locations":[{"start":{"line":27,"column":13},"end":{"line":27,"column":33}},{"start":{"line":27,"column":37},"end":{"line":27,"column":81}}],"line":27}},"s":{"0":1,"1":1,"2":1},"f":{},"b":{"0":[1,1]},"inputSourceMap":null,"_coverageSchema":"1a1c01bbd47fc00a2c39e90264f33305004495a9","hash":"adcb52e82f410be837e7b09c3ed34814a612edc4"}
,"C:\\Users\\hp\\Music\\MyProjects\\SnapFix\\Server\\models\\userModel.js": {"path":"C:\\Users\\hp\\Music\\MyProjects\\SnapFix\\Server\\models\\userModel.js","statementMap":{"0":{"start":{"line":3,"column":19},"end":{"line":10,"column":22}},"1":{"start":{"line":12,"column":0},"end":{"line":12,"column":40}},"2":{"start":{"line":14,"column":13},"end":{"line":14,"column":72}}},"fnMap":{},"branchMap":{"0":{"loc":{"start":{"line":14,"column":13},"end":{"line":14,"column":72}},"type":"binary-expr","locations":[{"start":{"line":14,"column":13},"end":{"line":14,"column":33}},{"start":{"line":14,"column":37},"end":{"line":14,"column":72}}],"line":14}},"s":{"0":1,"1":1,"2":1},"f":{},"b":{"0":[1,1]},"inputSourceMap":null,"_coverageSchema":"1a1c01bbd47fc00a2c39e90264f33305004495a9","hash":"7433a4f7cee0f021d44df01f9019c17e58e27419"}
}
