{"C:\\Users\\hp\\Music\\MyProjects\\SnapFix\\Server\\app.js": {"path":"C:\\Users\\hp\\Music\\MyProjects\\SnapFix\\Server\\app.js","statementMap":{"0":{"start":{"line":2,"column":0},"end":{"line":2,"column":39}},"1":{"start":{"line":17,"column":0},"end":{"line":17,"column":16}},"2":{"start":{"line":19,"column":12},"end":{"line":19,"column":21}},"3":{"start":{"line":21,"column":0},"end":{"line":21,"column":41}},"4":{"start":{"line":23,"column":23},"end":{"line":28,"column":1}},"5":{"start":{"line":30,"column":0},"end":{"line":47,"column":2}},"6":{"start":{"line":33,"column":12},"end":{"line":35,"column":13}},"7":{"start":{"line":34,"column":16},"end":{"line":34,"column":44}},"8":{"start":{"line":37,"column":12},"end":{"line":42,"column":13}},"9":{"start":{"line":38,"column":16},"end":{"line":41,"column":18}},"10":{"start":{"line":44,"column":12},"end":{"line":44,"column":33}},"11":{"start":{"line":49,"column":0},"end":{"line":49,"column":33}},"12":{"start":{"line":50,"column":0},"end":{"line":50,"column":37}},"13":{"start":{"line":51,"column":0},"end":{"line":51,"column":33}},"14":{"start":{"line":52,"column":0},"end":{"line":52,"column":35}},"15":{"start":{"line":53,"column":0},"end":{"line":53,"column":37}},"16":{"start":{"line":54,"column":0},"end":{"line":54,"column":31}},"17":{"start":{"line":55,"column":0},"end":{"line":55,"column":33}},"18":{"start":{"line":56,"column":0},"end":{"line":56,"column":50}}},"fnMap":{"0":{"name":"(anonymous_0)","decl":{"start":{"line":32,"column":8},"end":{"line":32,"column":9}},"loc":{"start":{"line":32,"column":33},"end":{"line":45,"column":9}},"line":32}},"branchMap":{"0":{"loc":{"start":{"line":33,"column":12},"end":{"line":35,"column":13}},"type":"if","locations":[{"start":{"line":33,"column":12},"end":{"line":35,"column":13}},{"start":{},"end":{}}],"line":33},"1":{"loc":{"start":{"line":37,"column":12},"end":{"line":42,"column":13}},"type":"if","locations":[{"start":{"line":37,"column":12},"end":{"line":42,"column":13}},{"start":{},"end":{}}],"line":37}},"s":{"0":16,"1":16,"2":16,"3":16,"4":16,"5":16,"6":82,"7":82,"8":0,"9":0,"10":0,"11":16,"12":16,"13":16,"14":16,"15":16,"16":16,"17":16,"18":16},"f":{"0":82},"b":{"0":[82,0],"1":[0,0]},"inputSourceMap":null,"_coverageSchema":"1a1c01bbd47fc00a2c39e90264f33305004495a9","hash":"0efd83b07eb0b305cfb13e19198ed1424dcd5fc4"}
,"C:\\Users\\hp\\Music\\MyProjects\\SnapFix\\Server\\controllers\\ReportController.js": {"path":"C:\\Users\\hp\\Music\\MyProjects\\SnapFix\\Server\\controllers\\ReportController.js","statementMap":{"0":{"start":{"line":12,"column":19},"end":{"line":16,"column":2}},"1":{"start":{"line":18,"column":34},"end":{"line":25,"column":1}},"2":{"start":{"line":19,"column":4},"end":{"line":19,"column":85}},"3":{"start":{"line":19,"column":76},"end":{"line":19,"column":85}},"4":{"start":{"line":20,"column":21},"end":{"line":20,"column":22}},"5":{"start":{"line":21,"column":4},"end":{"line":23,"column":5}},"6":{"start":{"line":21,"column":17},"end":{"line":21,"column":18}},"7":{"start":{"line":22,"column":8},"end":{"line":22,"column":40}},"8":{"start":{"line":24,"column":4},"end":{"line":24,"column":22}},"9":{"start":{"line":28,"column":21},"end":{"line":497,"column":1}},"10":{"start":{"line":29,"column":25},"end":{"line":29,"column":42}},"11":{"start":{"line":31,"column":4},"end":{"line":496,"column":5}},"12":{"start":{"line":38,"column":12},"end":{"line":38,"column":20}},"13":{"start":{"line":44,"column":8},"end":{"line":49,"column":9}},"14":{"start":{"line":45,"column":12},"end":{"line":48,"column":15}},"15":{"start":{"line":51,"column":8},"end":{"line":56,"column":9}},"16":{"start":{"line":52,"column":12},"end":{"line":55,"column":15}},"17":{"start":{"line":58,"column":23},"end":{"line":58,"column":36}},"18":{"start":{"line":64,"column":33},"end":{"line":64,"column":50}},"19":{"start":{"line":67,"column":33},"end":{"line":70,"column":23}},"20":{"start":{"line":72,"column":8},"end":{"line":75,"column":10}},"21":{"start":{"line":77,"column":32},"end":{"line":77,"column":49}},"22":{"start":{"line":78,"column":24},"end":{"line":78,"column":41}},"23":{"start":{"line":80,"column":24},"end":{"line":80,"column":69}},"24":{"start":{"line":83,"column":34},"end":{"line":102,"column":10}},"25":{"start":{"line":84,"column":33},"end":{"line":100,"column":13}},"26":{"start":{"line":90,"column":20},"end":{"line":98,"column":21}},"27":{"start":{"line":91,"column":24},"end":{"line":91,"column":76}},"28":{"start":{"line":92,"column":24},"end":{"line":92,"column":38}},"29":{"start":{"line":94,"column":24},"end":{"line":96,"column":26}},"30":{"start":{"line":97,"column":24},"end":{"line":97,"column":40}},"31":{"start":{"line":101,"column":12},"end":{"line":101,"column":47}},"32":{"start":{"line":105,"column":25},"end":{"line":105,"column":39}},"33":{"start":{"line":106,"column":8},"end":{"line":113,"column":10}},"34":{"start":{"line":116,"column":26},"end":{"line":148,"column":14}},"35":{"start":{"line":129,"column":16},"end":{"line":131,"column":18}},"36":{"start":{"line":133,"column":16},"end":{"line":133,"column":32}},"37":{"start":{"line":136,"column":16},"end":{"line":139,"column":18}},"38":{"start":{"line":141,"column":16},"end":{"line":143,"column":18}},"39":{"start":{"line":145,"column":16},"end":{"line":147,"column":18}},"40":{"start":{"line":150,"column":30},"end":{"line":150,"column":47}},"41":{"start":{"line":155,"column":12},"end":{"line":158,"column":10}},"42":{"start":{"line":160,"column":8},"end":{"line":162,"column":10}},"43":{"start":{"line":164,"column":25},"end":{"line":164,"column":41}},"44":{"start":{"line":170,"column":34},"end":{"line":170,"column":51}},"45":{"start":{"line":172,"column":37},"end":{"line":172,"column":40}},"46":{"start":{"line":174,"column":8},"end":{"line":194,"column":9}},"47":{"start":{"line":181,"column":12},"end":{"line":183,"column":14}},"48":{"start":{"line":185,"column":12},"end":{"line":193,"column":15}},"49":{"start":{"line":196,"column":8},"end":{"line":198,"column":10}},"50":{"start":{"line":204,"column":36},"end":{"line":204,"column":53}},"51":{"start":{"line":206,"column":30},"end":{"line":227,"column":19}},"52":{"start":{"line":229,"column":8},"end":{"line":231,"column":10}},"53":{"start":{"line":237,"column":32},"end":{"line":237,"column":49}},"54":{"start":{"line":239,"column":30},"end":{"line":239,"column":34}},"55":{"start":{"line":241,"column":8},"end":{"line":262,"column":9}},"56":{"start":{"line":243,"column":12},"end":{"line":254,"column":13}},"57":{"start":{"line":245,"column":35},"end":{"line":248,"column":17}},"58":{"start":{"line":250,"column":16},"end":{"line":253,"column":17}},"59":{"start":{"line":251,"column":20},"end":{"line":251,"column":45}},"60":{"start":{"line":252,"column":20},"end":{"line":252,"column":26}},"61":{"start":{"line":258,"column":12},"end":{"line":260,"column":14}},"62":{"start":{"line":259,"column":26},"end":{"line":259,"column":54}},"63":{"start":{"line":264,"column":8},"end":{"line":266,"column":10}},"64":{"start":{"line":272,"column":8},"end":{"line":322,"column":9}},"65":{"start":{"line":274,"column":35},"end":{"line":274,"column":52}},"66":{"start":{"line":277,"column":16},"end":{"line":280,"column":17}},"67":{"start":{"line":279,"column":24},"end":{"line":279,"column":61}},"68":{"start":{"line":282,"column":12},"end":{"line":304,"column":13}},"69":{"start":{"line":284,"column":16},"end":{"line":294,"column":18}},"70":{"start":{"line":296,"column":16},"end":{"line":303,"column":18}},"71":{"start":{"line":306,"column":12},"end":{"line":308,"column":14}},"72":{"start":{"line":310,"column":12},"end":{"line":312,"column":14}},"73":{"start":{"line":314,"column":12},"end":{"line":321,"column":15}},"74":{"start":{"line":328,"column":33},"end":{"line":337,"column":9}},"75":{"start":{"line":343,"column":30},"end":{"line":343,"column":47}},"76":{"start":{"line":345,"column":26},"end":{"line":370,"column":9}},"77":{"start":{"line":372,"column":29},"end":{"line":372,"column":73}},"78":{"start":{"line":373,"column":23},"end":{"line":373,"column":69}},"79":{"start":{"line":375,"column":8},"end":{"line":377,"column":10}},"80":{"start":{"line":383,"column":26},"end":{"line":383,"column":58}},"81":{"start":{"line":385,"column":8},"end":{"line":387,"column":10}},"82":{"start":{"line":389,"column":32},"end":{"line":403,"column":9}},"83":{"start":{"line":408,"column":8},"end":{"line":408,"column":46}},"84":{"start":{"line":416,"column":8},"end":{"line":465,"column":9}},"85":{"start":{"line":419,"column":36},"end":{"line":419,"column":53}},"86":{"start":{"line":421,"column":12},"end":{"line":440,"column":13}},"87":{"start":{"line":422,"column":16},"end":{"line":429,"column":18}},"88":{"start":{"line":431,"column":16},"end":{"line":433,"column":18}},"89":{"start":{"line":436,"column":16},"end":{"line":439,"column":18}},"90":{"start":{"line":443,"column":38},"end":{"line":443,"column":55}},"91":{"start":{"line":445,"column":12},"end":{"line":464,"column":13}},"92":{"start":{"line":446,"column":16},"end":{"line":452,"column":18}},"93":{"start":{"line":454,"column":16},"end":{"line":456,"column":18}},"94":{"start":{"line":459,"column":16},"end":{"line":463,"column":18}},"95":{"start":{"line":467,"column":8},"end":{"line":467,"column":15}},"96":{"start":{"line":472,"column":8},"end":{"line":472,"column":53}},"97":{"start":{"line":473,"column":8},"end":{"line":476,"column":11}},"98":{"start":{"line":483,"column":8},"end":{"line":495,"column":9}},"99":{"start":{"line":484,"column":12},"end":{"line":494,"column":14}},"100":{"start":{"line":487,"column":20},"end":{"line":492,"column":21}},"101":{"start":{"line":488,"column":24},"end":{"line":491,"column":26}},"102":{"start":{"line":500,"column":22},"end":{"line":542,"column":1}},"103":{"start":{"line":501,"column":4},"end":{"line":541,"column":5}},"104":{"start":{"line":502,"column":23},"end":{"line":502,"column":36}},"105":{"start":{"line":503,"column":19},"end":{"line":503,"column":48}},"106":{"start":{"line":504,"column":8},"end":{"line":506,"column":9}},"107":{"start":{"line":505,"column":12},"end":{"line":505,"column":101}},"108":{"start":{"line":507,"column":23},"end":{"line":507,"column":48}},"109":{"start":{"line":508,"column":8},"end":{"line":510,"column":9}},"110":{"start":{"line":509,"column":12},"end":{"line":509,"column":89}},"111":{"start":{"line":511,"column":31},"end":{"line":513,"column":9}},"112":{"start":{"line":512,"column":21},"end":{"line":512,"column":57}},"113":{"start":{"line":515,"column":8},"end":{"line":533,"column":9}},"114":{"start":{"line":516,"column":12},"end":{"line":516,"column":45}},"115":{"start":{"line":517,"column":12},"end":{"line":521,"column":14}},"116":{"start":{"line":523,"column":12},"end":{"line":523,"column":45}},"117":{"start":{"line":524,"column":12},"end":{"line":528,"column":14}},"118":{"start":{"line":530,"column":12},"end":{"line":532,"column":13}},"119":{"start":{"line":531,"column":16},"end":{"line":531,"column":137}},"120":{"start":{"line":534,"column":8},"end":{"line":534,"column":52}},"121":{"start":{"line":535,"column":8},"end":{"line":535,"column":28}},"122":{"start":{"line":536,"column":8},"end":{"line":536,"column":135}},"123":{"start":{"line":539,"column":8},"end":{"line":539,"column":35}},"124":{"start":{"line":540,"column":8},"end":{"line":540,"column":78}},"125":{"start":{"line":547,"column":29},"end":{"line":562,"column":1}},"126":{"start":{"line":548,"column":4},"end":{"line":561,"column":5}},"127":{"start":{"line":549,"column":19},"end":{"line":549,"column":48}},"128":{"start":{"line":550,"column":8},"end":{"line":552,"column":9}},"129":{"start":{"line":551,"column":12},"end":{"line":551,"column":101}},"130":{"start":{"line":553,"column":23},"end":{"line":553,"column":48}},"131":{"start":{"line":554,"column":8},"end":{"line":555,"column":94}},"132":{"start":{"line":555,"column":12},"end":{"line":555,"column":94}},"133":{"start":{"line":557,"column":8},"end":{"line":557,"column":56}},"134":{"start":{"line":559,"column":8},"end":{"line":559,"column":35}},"135":{"start":{"line":560,"column":8},"end":{"line":560,"column":89}},"136":{"start":{"line":565,"column":29},"end":{"line":618,"column":1}},"137":{"start":{"line":566,"column":4},"end":{"line":617,"column":5}},"138":{"start":{"line":567,"column":23},"end":{"line":567,"column":36}},"139":{"start":{"line":570,"column":28},"end":{"line":570,"column":92}},"140":{"start":{"line":572,"column":8},"end":{"line":578,"column":9}},"141":{"start":{"line":573,"column":12},"end":{"line":577,"column":14}},"142":{"start":{"line":579,"column":33},"end":{"line":579,"column":35}},"143":{"start":{"line":580,"column":29},"end":{"line":580,"column":33}},"144":{"start":{"line":583,"column":8},"end":{"line":599,"column":9}},"145":{"start":{"line":584,"column":32},"end":{"line":584,"column":63}},"146":{"start":{"line":586,"column":27},"end":{"line":596,"column":26}},"147":{"start":{"line":598,"column":12},"end":{"line":598,"column":44}},"148":{"start":{"line":602,"column":33},"end":{"line":602,"column":42}},"149":{"start":{"line":603,"column":8},"end":{"line":605,"column":9}},"150":{"start":{"line":604,"column":12},"end":{"line":604,"column":53}},"151":{"start":{"line":607,"column":30},"end":{"line":607,"column":67}},"152":{"start":{"line":608,"column":8},"end":{"line":612,"column":10}},"153":{"start":{"line":615,"column":8},"end":{"line":615,"column":34}},"154":{"start":{"line":616,"column":8},"end":{"line":616,"column":105}}},"fnMap":{"0":{"name":"(anonymous_0)","decl":{"start":{"line":18,"column":34},"end":{"line":18,"column":35}},"loc":{"start":{"line":18,"column":50},"end":{"line":25,"column":1}},"line":18},"1":{"name":"(anonymous_1)","decl":{"start":{"line":28,"column":21},"end":{"line":28,"column":22}},"loc":{"start":{"line":28,"column":41},"end":{"line":497,"column":1}},"line":28},"2":{"name":"(anonymous_2)","decl":{"start":{"line":83,"column":46},"end":{"line":83,"column":47}},"loc":{"start":{"line":83,"column":67},"end":{"line":102,"column":9}},"line":83},"3":{"name":"(anonymous_3)","decl":{"start":{"line":89,"column":16},"end":{"line":89,"column":17}},"loc":{"start":{"line":89,"column":35},"end":{"line":99,"column":17}},"line":89},"4":{"name":"(anonymous_4)","decl":{"start":{"line":128,"column":18},"end":{"line":128,"column":19}},"loc":{"start":{"line":128,"column":30},"end":{"line":134,"column":13}},"line":128},"5":{"name":"(anonymous_5)","decl":{"start":{"line":135,"column":19},"end":{"line":135,"column":20}},"loc":{"start":{"line":135,"column":28},"end":{"line":148,"column":13}},"line":135},"6":{"name":"(anonymous_6)","decl":{"start":{"line":259,"column":16},"end":{"line":259,"column":17}},"loc":{"start":{"line":259,"column":26},"end":{"line":259,"column":54}},"line":259},"7":{"name":"(anonymous_7)","decl":{"start":{"line":278,"column":20},"end":{"line":278,"column":21}},"loc":{"start":{"line":279,"column":24},"end":{"line":279,"column":61}},"line":279},"8":{"name":"(anonymous_8)","decl":{"start":{"line":486,"column":16},"end":{"line":486,"column":17}},"loc":{"start":{"line":486,"column":23},"end":{"line":493,"column":17}},"line":486},"9":{"name":"(anonymous_9)","decl":{"start":{"line":500,"column":22},"end":{"line":500,"column":23}},"loc":{"start":{"line":500,"column":42},"end":{"line":542,"column":1}},"line":500},"10":{"name":"(anonymous_10)","decl":{"start":{"line":512,"column":12},"end":{"line":512,"column":13}},"loc":{"start":{"line":512,"column":21},"end":{"line":512,"column":57}},"line":512},"11":{"name":"(anonymous_11)","decl":{"start":{"line":547,"column":29},"end":{"line":547,"column":30}},"loc":{"start":{"line":547,"column":49},"end":{"line":562,"column":1}},"line":547},"12":{"name":"(anonymous_12)","decl":{"start":{"line":565,"column":29},"end":{"line":565,"column":30}},"loc":{"start":{"line":565,"column":49},"end":{"line":618,"column":1}},"line":565}},"branchMap":{"0":{"loc":{"start":{"line":19,"column":4},"end":{"line":19,"column":85}},"type":"if","locations":[{"start":{"line":19,"column":4},"end":{"line":19,"column":85}},{"start":{},"end":{}}],"line":19},"1":{"loc":{"start":{"line":19,"column":8},"end":{"line":19,"column":74}},"type":"binary-expr","locations":[{"start":{"line":19,"column":8},"end":{"line":19,"column":13}},{"start":{"line":19,"column":17},"end":{"line":19,"column":22}},{"start":{"line":19,"column":26},"end":{"line":19,"column":43}},{"start":{"line":19,"column":47},"end":{"line":19,"column":74}}],"line":19},"2":{"loc":{"start":{"line":44,"column":8},"end":{"line":49,"column":9}},"type":"if","locations":[{"start":{"line":44,"column":8},"end":{"line":49,"column":9}},{"start":{},"end":{}}],"line":44},"3":{"loc":{"start":{"line":44,"column":12},"end":{"line":44,"column":49}},"type":"binary-expr","locations":[{"start":{"line":44,"column":12},"end":{"line":44,"column":28}},{"start":{"line":44,"column":32},"end":{"line":44,"column":49}}],"line":44},"4":{"loc":{"start":{"line":51,"column":8},"end":{"line":56,"column":9}},"type":"if","locations":[{"start":{"line":51,"column":8},"end":{"line":56,"column":9}},{"start":{},"end":{}}],"line":51},"5":{"loc":{"start":{"line":90,"column":20},"end":{"line":98,"column":21}},"type":"if","locations":[{"start":{"line":90,"column":20},"end":{"line":98,"column":21}},{"start":{"line":93,"column":27},"end":{"line":98,"column":21}}],"line":90},"6":{"loc":{"start":{"line":174,"column":8},"end":{"line":194,"column":9}},"type":"if","locations":[{"start":{"line":174,"column":8},"end":{"line":194,"column":9}},{"start":{},"end":{}}],"line":174},"7":{"loc":{"start":{"line":175,"column":12},"end":{"line":179,"column":13}},"type":"binary-expr","locations":[{"start":{"line":175,"column":12},"end":{"line":175,"column":20}},{"start":{"line":177,"column":16},"end":{"line":177,"column":34}},{"start":{"line":178,"column":16},"end":{"line":178,"column":58}}],"line":175},"8":{"loc":{"start":{"line":241,"column":8},"end":{"line":262,"column":9}},"type":"if","locations":[{"start":{"line":241,"column":8},"end":{"line":262,"column":9}},{"start":{"line":256,"column":15},"end":{"line":262,"column":9}}],"line":241},"9":{"loc":{"start":{"line":250,"column":16},"end":{"line":253,"column":17}},"type":"if","locations":[{"start":{"line":250,"column":16},"end":{"line":253,"column":17}},{"start":{},"end":{}}],"line":250},"10":{"loc":{"start":{"line":272,"column":8},"end":{"line":322,"column":9}},"type":"if","locations":[{"start":{"line":272,"column":8},"end":{"line":322,"column":9}},{"start":{},"end":{}}],"line":272},"11":{"loc":{"start":{"line":282,"column":12},"end":{"line":304,"column":13}},"type":"if","locations":[{"start":{"line":282,"column":12},"end":{"line":304,"column":13}},{"start":{},"end":{}}],"line":282},"12":{"loc":{"start":{"line":282,"column":16},"end":{"line":282,"column":41}},"type":"binary-expr","locations":[{"start":{"line":282,"column":16},"end":{"line":282,"column":31}},{"start":{"line":282,"column":35},"end":{"line":282,"column":41}}],"line":282},"13":{"loc":{"start":{"line":350,"column":23},"end":{"line":350,"column":74}},"type":"cond-expr","locations":[{"start":{"line":350,"column":32},"end":{"line":350,"column":67}},{"start":{"line":350,"column":70},"end":{"line":350,"column":74}}],"line":350},"14":{"loc":{"start":{"line":365,"column":26},"end":{"line":365,"column":51}},"type":"binary-expr","locations":[{"start":{"line":365,"column":26},"end":{"line":365,"column":46}},{"start":{"line":365,"column":50},"end":{"line":365,"column":51}}],"line":365},"15":{"loc":{"start":{"line":366,"column":23},"end":{"line":366,"column":48}},"type":"binary-expr","locations":[{"start":{"line":366,"column":23},"end":{"line":366,"column":42}},{"start":{"line":366,"column":46},"end":{"line":366,"column":48}}],"line":366},"16":{"loc":{"start":{"line":416,"column":8},"end":{"line":465,"column":9}},"type":"if","locations":[{"start":{"line":416,"column":8},"end":{"line":465,"column":9}},{"start":{},"end":{}}],"line":416},"17":{"loc":{"start":{"line":475,"column":21},"end":{"line":475,"column":61}},"type":"binary-expr","locations":[{"start":{"line":475,"column":21},"end":{"line":475,"column":34}},{"start":{"line":475,"column":38},"end":{"line":475,"column":61}}],"line":475},"18":{"loc":{"start":{"line":483,"column":8},"end":{"line":495,"column":9}},"type":"if","locations":[{"start":{"line":483,"column":8},"end":{"line":495,"column":9}},{"start":{},"end":{}}],"line":483},"19":{"loc":{"start":{"line":487,"column":20},"end":{"line":492,"column":21}},"type":"if","locations":[{"start":{"line":487,"column":20},"end":{"line":492,"column":21}},{"start":{},"end":{}}],"line":487},"20":{"loc":{"start":{"line":503,"column":19},"end":{"line":503,"column":48}},"type":"binary-expr","locations":[{"start":{"line":503,"column":19},"end":{"line":503,"column":32}},{"start":{"line":503,"column":36},"end":{"line":503,"column":48}}],"line":503},"21":{"loc":{"start":{"line":504,"column":8},"end":{"line":506,"column":9}},"type":"if","locations":[{"start":{"line":504,"column":8},"end":{"line":506,"column":9}},{"start":{},"end":{}}],"line":504},"22":{"loc":{"start":{"line":504,"column":12},"end":{"line":504,"column":55}},"type":"binary-expr","locations":[{"start":{"line":504,"column":12},"end":{"line":504,"column":15}},{"start":{"line":504,"column":19},"end":{"line":504,"column":55}}],"line":504},"23":{"loc":{"start":{"line":508,"column":8},"end":{"line":510,"column":9}},"type":"if","locations":[{"start":{"line":508,"column":8},"end":{"line":510,"column":9}},{"start":{},"end":{}}],"line":508},"24":{"loc":{"start":{"line":515,"column":8},"end":{"line":533,"column":9}},"type":"if","locations":[{"start":{"line":515,"column":8},"end":{"line":533,"column":9}},{"start":{"line":522,"column":15},"end":{"line":533,"column":9}}],"line":515},"25":{"loc":{"start":{"line":530,"column":12},"end":{"line":532,"column":13}},"type":"if","locations":[{"start":{"line":530,"column":12},"end":{"line":532,"column":13}},{"start":{},"end":{}}],"line":530},"26":{"loc":{"start":{"line":530,"column":16},"end":{"line":530,"column":85}},"type":"binary-expr","locations":[{"start":{"line":530,"column":16},"end":{"line":530,"column":32}},{"start":{"line":530,"column":36},"end":{"line":530,"column":85}}],"line":530},"27":{"loc":{"start":{"line":536,"column":55},"end":{"line":536,"column":106}},"type":"cond-expr","locations":[{"start":{"line":536,"column":72},"end":{"line":536,"column":88}},{"start":{"line":536,"column":91},"end":{"line":536,"column":106}}],"line":536},"28":{"loc":{"start":{"line":549,"column":19},"end":{"line":549,"column":48}},"type":"binary-expr","locations":[{"start":{"line":549,"column":19},"end":{"line":549,"column":32}},{"start":{"line":549,"column":36},"end":{"line":549,"column":48}}],"line":549},"29":{"loc":{"start":{"line":550,"column":8},"end":{"line":552,"column":9}},"type":"if","locations":[{"start":{"line":550,"column":8},"end":{"line":552,"column":9}},{"start":{},"end":{}}],"line":550},"30":{"loc":{"start":{"line":550,"column":12},"end":{"line":550,"column":55}},"type":"binary-expr","locations":[{"start":{"line":550,"column":12},"end":{"line":550,"column":15}},{"start":{"line":550,"column":19},"end":{"line":550,"column":55}}],"line":550},"31":{"loc":{"start":{"line":554,"column":8},"end":{"line":555,"column":94}},"type":"if","locations":[{"start":{"line":554,"column":8},"end":{"line":555,"column":94}},{"start":{},"end":{}}],"line":554},"32":{"loc":{"start":{"line":572,"column":8},"end":{"line":578,"column":9}},"type":"if","locations":[{"start":{"line":572,"column":8},"end":{"line":578,"column":9}},{"start":{},"end":{}}],"line":572}},"s":{"0":17,"1":17,"2":5,"3":2,"4":3,"5":3,"6":3,"7":6,"8":3,"9":17,"10":9,"11":9,"12":9,"13":9,"14":1,"15":8,"16":1,"17":7,"18":7,"19":7,"20":7,"21":7,"22":7,"23":7,"24":7,"25":7,"26":7,"27":0,"28":0,"29":7,"30":7,"31":7,"32":7,"33":7,"34":7,"35":6,"36":6,"37":1,"38":1,"39":1,"40":7,"41":7,"42":7,"43":7,"44":7,"45":7,"46":7,"47":0,"48":0,"49":7,"50":7,"51":7,"52":7,"53":7,"54":7,"55":7,"56":6,"57":1,"58":1,"59":1,"60":1,"61":1,"62":1,"63":7,"64":7,"65":2,"66":2,"67":0,"68":2,"69":2,"70":2,"71":2,"72":2,"73":2,"74":5,"75":5,"76":5,"77":5,"78":5,"79":5,"80":5,"81":5,"82":5,"83":5,"84":5,"85":5,"86":5,"87":5,"88":5,"89":0,"90":5,"91":5,"92":5,"93":5,"94":0,"95":5,"96":0,"97":0,"98":9,"99":7,"100":7,"101":0,"102":17,"103":2,"104":2,"105":2,"106":2,"107":0,"108":2,"109":2,"110":0,"111":2,"112":1,"113":2,"114":1,"115":1,"116":1,"117":1,"118":1,"119":1,"120":2,"121":2,"122":2,"123":0,"124":0,"125":17,"126":2,"127":2,"128":2,"129":0,"130":2,"131":2,"132":1,"133":1,"134":0,"135":0,"136":17,"137":2,"138":2,"139":2,"140":2,"141":1,"142":1,"143":1,"144":1,"145":1,"146":1,"147":1,"148":1,"149":1,"150":2,"151":1,"152":1,"153":0,"154":0},"f":{"0":5,"1":9,"2":7,"3":7,"4":6,"5":1,"6":1,"7":0,"8":7,"9":2,"10":1,"11":2,"12":2},"b":{"0":[2,3],"1":[5,4,4,4],"2":[1,8],"3":[9,8],"4":[1,7],"5":[0,7],"6":[0,7],"7":[7,6,6],"8":[6,1],"9":[1,0],"10":[2,5],"11":[2,0],"12":[2,2],"13":[5,0],"14":[5,0],"15":[5,0],"16":[5,0],"17":[0,0],"18":[7,2],"19":[0,7],"20":[2,0],"21":[0,2],"22":[2,2],"23":[0,2],"24":[1,1],"25":[1,0],"26":[1,1],"27":[1,1],"28":[2,0],"29":[0,2],"30":[2,2],"31":[1,1],"32":[1,1]},"inputSourceMap":null,"_coverageSchema":"1a1c01bbd47fc00a2c39e90264f33305004495a9","hash":"0b839b6ce351de8fab6a4ab5a4a6f6683bf0dedc"}
,"C:\\Users\\hp\\Music\\MyProjects\\SnapFix\\Server\\controllers\\adminController.js": {"path":"C:\\Users\\hp\\Music\\MyProjects\\SnapFix\\Server\\controllers\\adminController.js","statementMap":{"0":{"start":{"line":11,"column":23},"end":{"line":27,"column":1}},"1":{"start":{"line":12,"column":4},"end":{"line":25,"column":5}},"2":{"start":{"line":13,"column":23},"end":{"line":13,"column":36}},"3":{"start":{"line":14,"column":8},"end":{"line":16,"column":9}},"4":{"start":{"line":15,"column":12},"end":{"line":15,"column":110}},"5":{"start":{"line":17,"column":8},"end":{"line":19,"column":9}},"6":{"start":{"line":18,"column":12},"end":{"line":18,"column":86}},"7":{"start":{"line":20,"column":27},"end":{"line":20,"column":48}},"8":{"start":{"line":21,"column":8},"end":{"line":21,"column":109}},"9":{"start":{"line":23,"column":8},"end":{"line":23,"column":34}},"10":{"start":{"line":24,"column":8},"end":{"line":24,"column":84}},"11":{"start":{"line":29,"column":26},"end":{"line":64,"column":1}},"12":{"start":{"line":30,"column":4},"end":{"line":63,"column":5}},"13":{"start":{"line":31,"column":23},"end":{"line":31,"column":36}},"14":{"start":{"line":32,"column":8},"end":{"line":34,"column":9}},"15":{"start":{"line":33,"column":12},"end":{"line":33,"column":110}},"16":{"start":{"line":35,"column":8},"end":{"line":37,"column":9}},"17":{"start":{"line":36,"column":12},"end":{"line":36,"column":86}},"18":{"start":{"line":38,"column":19},"end":{"line":38,"column":93}},"19":{"start":{"line":40,"column":8},"end":{"line":42,"column":9}},"20":{"start":{"line":41,"column":12},"end":{"line":41,"column":101}},"21":{"start":{"line":44,"column":23},"end":{"line":45,"column":42}},"22":{"start":{"line":47,"column":8},"end":{"line":48,"column":110}},"23":{"start":{"line":48,"column":12},"end":{"line":48,"column":110}},"24":{"start":{"line":50,"column":24},"end":{"line":51,"column":50}},"25":{"start":{"line":53,"column":8},"end":{"line":54,"column":106}},"26":{"start":{"line":54,"column":12},"end":{"line":54,"column":106}},"27":{"start":{"line":56,"column":8},"end":{"line":59,"column":11}},"28":{"start":{"line":61,"column":8},"end":{"line":61,"column":35}},"29":{"start":{"line":62,"column":8},"end":{"line":62,"column":99}},"30":{"start":{"line":67,"column":19},"end":{"line":158,"column":1}},"31":{"start":{"line":68,"column":2},"end":{"line":157,"column":3}},"32":{"start":{"line":69,"column":20},"end":{"line":69,"column":33}},"33":{"start":{"line":71,"column":4},"end":{"line":73,"column":5}},"34":{"start":{"line":72,"column":6},"end":{"line":72,"column":79}},"35":{"start":{"line":75,"column":4},"end":{"line":77,"column":5}},"36":{"start":{"line":76,"column":6},"end":{"line":76,"column":80}},"37":{"start":{"line":79,"column":15},"end":{"line":79,"column":83}},"38":{"start":{"line":81,"column":4},"end":{"line":83,"column":5}},"39":{"start":{"line":82,"column":6},"end":{"line":82,"column":92}},"40":{"start":{"line":85,"column":16},"end":{"line":85,"column":38}},"41":{"start":{"line":86,"column":4},"end":{"line":88,"column":5}},"42":{"start":{"line":87,"column":6},"end":{"line":87,"column":80}},"43":{"start":{"line":90,"column":4},"end":{"line":92,"column":5}},"44":{"start":{"line":91,"column":6},"end":{"line":91,"column":88}},"45":{"start":{"line":95,"column":25},"end":{"line":95,"column":71}},"46":{"start":{"line":96,"column":4},"end":{"line":101,"column":5}},"47":{"start":{"line":97,"column":6},"end":{"line":100,"column":9}},"48":{"start":{"line":104,"column":4},"end":{"line":104,"column":28}},"49":{"start":{"line":105,"column":4},"end":{"line":105,"column":21}},"50":{"start":{"line":108,"column":4},"end":{"line":111,"column":6}},"51":{"start":{"line":114,"column":17},"end":{"line":120,"column":6}},"52":{"start":{"line":123,"column":19},"end":{"line":133,"column":5}},"53":{"start":{"line":135,"column":4},"end":{"line":140,"column":7}},"54":{"start":{"line":144,"column":4},"end":{"line":144,"column":163}},"55":{"start":{"line":147,"column":4},"end":{"line":149,"column":5}},"56":{"start":{"line":148,"column":8},"end":{"line":148,"column":153}},"57":{"start":{"line":151,"column":4},"end":{"line":151,"column":11}},"58":{"start":{"line":155,"column":4},"end":{"line":155,"column":25}},"59":{"start":{"line":156,"column":4},"end":{"line":156,"column":78}},"60":{"start":{"line":162,"column":23},"end":{"line":269,"column":1}},"61":{"start":{"line":163,"column":3},"end":{"line":268,"column":4}},"62":{"start":{"line":164,"column":20},"end":{"line":164,"column":33}},"63":{"start":{"line":165,"column":4},"end":{"line":167,"column":5}},"64":{"start":{"line":166,"column":6},"end":{"line":166,"column":79}},"65":{"start":{"line":169,"column":4},"end":{"line":171,"column":5}},"66":{"start":{"line":170,"column":6},"end":{"line":170,"column":80}},"67":{"start":{"line":172,"column":15},"end":{"line":172,"column":85}},"68":{"start":{"line":174,"column":4},"end":{"line":176,"column":5}},"69":{"start":{"line":175,"column":6},"end":{"line":175,"column":93}},"70":{"start":{"line":178,"column":17},"end":{"line":178,"column":73}},"71":{"start":{"line":179,"column":4},"end":{"line":181,"column":5}},"72":{"start":{"line":180,"column":8},"end":{"line":180,"column":80}},"73":{"start":{"line":184,"column":4},"end":{"line":189,"column":5}},"74":{"start":{"line":185,"column":6},"end":{"line":188,"column":9}},"75":{"start":{"line":191,"column":4},"end":{"line":193,"column":5}},"76":{"start":{"line":192,"column":6},"end":{"line":192,"column":115}},"77":{"start":{"line":195,"column":4},"end":{"line":197,"column":5}},"78":{"start":{"line":196,"column":6},"end":{"line":196,"column":123}},"79":{"start":{"line":200,"column":16},"end":{"line":204,"column":6}},"80":{"start":{"line":206,"column":4},"end":{"line":208,"column":5}},"81":{"start":{"line":207,"column":6},"end":{"line":207,"column":122}},"82":{"start":{"line":210,"column":22},"end":{"line":210,"column":40}},"83":{"start":{"line":213,"column":19},"end":{"line":213,"column":62}},"84":{"start":{"line":214,"column":4},"end":{"line":216,"column":5}},"85":{"start":{"line":215,"column":6},"end":{"line":215,"column":88}},"86":{"start":{"line":219,"column":4},"end":{"line":219,"column":67}},"87":{"start":{"line":220,"column":4},"end":{"line":220,"column":24}},"88":{"start":{"line":223,"column":26},"end":{"line":223,"column":81}},"89":{"start":{"line":224,"column":20},"end":{"line":232,"column":6}},"90":{"start":{"line":233,"column":4},"end":{"line":233,"column":25}},"91":{"start":{"line":236,"column":4},"end":{"line":236,"column":36}},"92":{"start":{"line":237,"column":4},"end":{"line":237,"column":22}},"93":{"start":{"line":241,"column":4},"end":{"line":246,"column":6}},"94":{"start":{"line":249,"column":4},"end":{"line":256,"column":5}},"95":{"start":{"line":250,"column":8},"end":{"line":255,"column":10}},"96":{"start":{"line":258,"column":4},"end":{"line":263,"column":7}},"97":{"start":{"line":266,"column":5},"end":{"line":266,"column":60}},"98":{"start":{"line":267,"column":5},"end":{"line":267,"column":105}},"99":{"start":{"line":272,"column":26},"end":{"line":314,"column":1}},"100":{"start":{"line":273,"column":2},"end":{"line":313,"column":3}},"101":{"start":{"line":274,"column":20},"end":{"line":274,"column":33}},"102":{"start":{"line":275,"column":4},"end":{"line":277,"column":5}},"103":{"start":{"line":276,"column":6},"end":{"line":276,"column":79}},"104":{"start":{"line":279,"column":4},"end":{"line":281,"column":5}},"105":{"start":{"line":280,"column":6},"end":{"line":280,"column":80}},"106":{"start":{"line":283,"column":18},"end":{"line":289,"column":49}},"107":{"start":{"line":292,"column":29},"end":{"line":304,"column":7}},"108":{"start":{"line":293,"column":18},"end":{"line":297,"column":8}},"109":{"start":{"line":299,"column":6},"end":{"line":303,"column":8}},"110":{"start":{"line":306,"column":4},"end":{"line":309,"column":7}},"111":{"start":{"line":311,"column":4},"end":{"line":311,"column":68}},"112":{"start":{"line":312,"column":4},"end":{"line":312,"column":89}}},"fnMap":{"0":{"name":"(anonymous_0)","decl":{"start":{"line":11,"column":23},"end":{"line":11,"column":24}},"loc":{"start":{"line":11,"column":43},"end":{"line":27,"column":1}},"line":11},"1":{"name":"(anonymous_1)","decl":{"start":{"line":29,"column":26},"end":{"line":29,"column":27}},"loc":{"start":{"line":29,"column":46},"end":{"line":64,"column":1}},"line":29},"2":{"name":"(anonymous_2)","decl":{"start":{"line":67,"column":19},"end":{"line":67,"column":20}},"loc":{"start":{"line":67,"column":39},"end":{"line":158,"column":1}},"line":67},"3":{"name":"(anonymous_3)","decl":{"start":{"line":162,"column":23},"end":{"line":162,"column":24}},"loc":{"start":{"line":162,"column":43},"end":{"line":269,"column":1}},"line":162},"4":{"name":"(anonymous_4)","decl":{"start":{"line":272,"column":26},"end":{"line":272,"column":27}},"loc":{"start":{"line":272,"column":46},"end":{"line":314,"column":1}},"line":272},"5":{"name":"(anonymous_5)","decl":{"start":{"line":292,"column":57},"end":{"line":292,"column":58}},"loc":{"start":{"line":292,"column":73},"end":{"line":304,"column":5}},"line":292}},"branchMap":{"0":{"loc":{"start":{"line":14,"column":8},"end":{"line":16,"column":9}},"type":"if","locations":[{"start":{"line":14,"column":8},"end":{"line":16,"column":9}},{"start":{},"end":{}}],"line":14},"1":{"loc":{"start":{"line":17,"column":8},"end":{"line":19,"column":9}},"type":"if","locations":[{"start":{"line":17,"column":8},"end":{"line":19,"column":9}},{"start":{},"end":{}}],"line":17},"2":{"loc":{"start":{"line":32,"column":8},"end":{"line":34,"column":9}},"type":"if","locations":[{"start":{"line":32,"column":8},"end":{"line":34,"column":9}},{"start":{},"end":{}}],"line":32},"3":{"loc":{"start":{"line":35,"column":8},"end":{"line":37,"column":9}},"type":"if","locations":[{"start":{"line":35,"column":8},"end":{"line":37,"column":9}},{"start":{},"end":{}}],"line":35},"4":{"loc":{"start":{"line":38,"column":19},"end":{"line":38,"column":93}},"type":"binary-expr","locations":[{"start":{"line":38,"column":19},"end":{"line":38,"column":32}},{"start":{"line":38,"column":36},"end":{"line":38,"column":55}},{"start":{"line":38,"column":59},"end":{"line":38,"column":77}},{"start":{"line":38,"column":81},"end":{"line":38,"column":93}}],"line":38},"5":{"loc":{"start":{"line":40,"column":8},"end":{"line":42,"column":9}},"type":"if","locations":[{"start":{"line":40,"column":8},"end":{"line":42,"column":9}},{"start":{},"end":{}}],"line":40},"6":{"loc":{"start":{"line":40,"column":12},"end":{"line":40,"column":55}},"type":"binary-expr","locations":[{"start":{"line":40,"column":12},"end":{"line":40,"column":15}},{"start":{"line":40,"column":19},"end":{"line":40,"column":55}}],"line":40},"7":{"loc":{"start":{"line":47,"column":8},"end":{"line":48,"column":110}},"type":"if","locations":[{"start":{"line":47,"column":8},"end":{"line":48,"column":110}},{"start":{},"end":{}}],"line":47},"8":{"loc":{"start":{"line":53,"column":8},"end":{"line":54,"column":106}},"type":"if","locations":[{"start":{"line":53,"column":8},"end":{"line":54,"column":106}},{"start":{},"end":{}}],"line":53},"9":{"loc":{"start":{"line":71,"column":4},"end":{"line":73,"column":5}},"type":"if","locations":[{"start":{"line":71,"column":4},"end":{"line":73,"column":5}},{"start":{},"end":{}}],"line":71},"10":{"loc":{"start":{"line":75,"column":4},"end":{"line":77,"column":5}},"type":"if","locations":[{"start":{"line":75,"column":4},"end":{"line":77,"column":5}},{"start":{},"end":{}}],"line":75},"11":{"loc":{"start":{"line":79,"column":15},"end":{"line":79,"column":83}},"type":"binary-expr","locations":[{"start":{"line":79,"column":15},"end":{"line":79,"column":28}},{"start":{"line":79,"column":32},"end":{"line":79,"column":48}},{"start":{"line":79,"column":52},"end":{"line":79,"column":67}},{"start":{"line":79,"column":71},"end":{"line":79,"column":83}}],"line":79},"12":{"loc":{"start":{"line":81,"column":4},"end":{"line":83,"column":5}},"type":"if","locations":[{"start":{"line":81,"column":4},"end":{"line":83,"column":5}},{"start":{},"end":{}}],"line":81},"13":{"loc":{"start":{"line":81,"column":8},"end":{"line":81,"column":51}},"type":"binary-expr","locations":[{"start":{"line":81,"column":8},"end":{"line":81,"column":11}},{"start":{"line":81,"column":15},"end":{"line":81,"column":51}}],"line":81},"14":{"loc":{"start":{"line":86,"column":4},"end":{"line":88,"column":5}},"type":"if","locations":[{"start":{"line":86,"column":4},"end":{"line":88,"column":5}},{"start":{},"end":{}}],"line":86},"15":{"loc":{"start":{"line":90,"column":4},"end":{"line":92,"column":5}},"type":"if","locations":[{"start":{"line":90,"column":4},"end":{"line":92,"column":5}},{"start":{},"end":{}}],"line":90},"16":{"loc":{"start":{"line":96,"column":4},"end":{"line":101,"column":5}},"type":"if","locations":[{"start":{"line":96,"column":4},"end":{"line":101,"column":5}},{"start":{},"end":{}}],"line":96},"17":{"loc":{"start":{"line":147,"column":4},"end":{"line":149,"column":5}},"type":"if","locations":[{"start":{"line":147,"column":4},"end":{"line":149,"column":5}},{"start":{},"end":{}}],"line":147},"18":{"loc":{"start":{"line":165,"column":4},"end":{"line":167,"column":5}},"type":"if","locations":[{"start":{"line":165,"column":4},"end":{"line":167,"column":5}},{"start":{},"end":{}}],"line":165},"19":{"loc":{"start":{"line":169,"column":4},"end":{"line":171,"column":5}},"type":"if","locations":[{"start":{"line":169,"column":4},"end":{"line":171,"column":5}},{"start":{},"end":{}}],"line":169},"20":{"loc":{"start":{"line":172,"column":15},"end":{"line":172,"column":85}},"type":"binary-expr","locations":[{"start":{"line":172,"column":15},"end":{"line":172,"column":28}},{"start":{"line":172,"column":32},"end":{"line":172,"column":49}},{"start":{"line":172,"column":53},"end":{"line":172,"column":69}},{"start":{"line":172,"column":73},"end":{"line":172,"column":85}}],"line":172},"21":{"loc":{"start":{"line":174,"column":4},"end":{"line":176,"column":5}},"type":"if","locations":[{"start":{"line":174,"column":4},"end":{"line":176,"column":5}},{"start":{},"end":{}}],"line":174},"22":{"loc":{"start":{"line":174,"column":8},"end":{"line":174,"column":51}},"type":"binary-expr","locations":[{"start":{"line":174,"column":8},"end":{"line":174,"column":11}},{"start":{"line":174,"column":15},"end":{"line":174,"column":51}}],"line":174},"23":{"loc":{"start":{"line":179,"column":4},"end":{"line":181,"column":5}},"type":"if","locations":[{"start":{"line":179,"column":4},"end":{"line":181,"column":5}},{"start":{},"end":{}}],"line":179},"24":{"loc":{"start":{"line":184,"column":4},"end":{"line":189,"column":5}},"type":"if","locations":[{"start":{"line":184,"column":4},"end":{"line":189,"column":5}},{"start":{},"end":{}}],"line":184},"25":{"loc":{"start":{"line":184,"column":8},"end":{"line":184,"column":62}},"type":"binary-expr","locations":[{"start":{"line":184,"column":8},"end":{"line":184,"column":31}},{"start":{"line":184,"column":35},"end":{"line":184,"column":62}}],"line":184},"26":{"loc":{"start":{"line":191,"column":4},"end":{"line":193,"column":5}},"type":"if","locations":[{"start":{"line":191,"column":4},"end":{"line":193,"column":5}},{"start":{},"end":{}}],"line":191},"27":{"loc":{"start":{"line":195,"column":4},"end":{"line":197,"column":5}},"type":"if","locations":[{"start":{"line":195,"column":4},"end":{"line":197,"column":5}},{"start":{},"end":{}}],"line":195},"28":{"loc":{"start":{"line":195,"column":8},"end":{"line":195,"column":43}},"type":"binary-expr","locations":[{"start":{"line":195,"column":8},"end":{"line":195,"column":22}},{"start":{"line":195,"column":26},"end":{"line":195,"column":43}}],"line":195},"29":{"loc":{"start":{"line":206,"column":4},"end":{"line":208,"column":5}},"type":"if","locations":[{"start":{"line":206,"column":4},"end":{"line":208,"column":5}},{"start":{},"end":{}}],"line":206},"30":{"loc":{"start":{"line":210,"column":22},"end":{"line":210,"column":40}},"type":"binary-expr","locations":[{"start":{"line":210,"column":22},"end":{"line":210,"column":35}},{"start":{"line":210,"column":39},"end":{"line":210,"column":40}}],"line":210},"31":{"loc":{"start":{"line":214,"column":4},"end":{"line":216,"column":5}},"type":"if","locations":[{"start":{"line":214,"column":4},"end":{"line":216,"column":5}},{"start":{},"end":{}}],"line":214},"32":{"loc":{"start":{"line":219,"column":28},"end":{"line":219,"column":53}},"type":"binary-expr","locations":[{"start":{"line":219,"column":28},"end":{"line":219,"column":48}},{"start":{"line":219,"column":52},"end":{"line":219,"column":53}}],"line":219},"33":{"loc":{"start":{"line":249,"column":4},"end":{"line":256,"column":5}},"type":"if","locations":[{"start":{"line":249,"column":4},"end":{"line":256,"column":5}},{"start":{},"end":{}}],"line":249},"34":{"loc":{"start":{"line":275,"column":4},"end":{"line":277,"column":5}},"type":"if","locations":[{"start":{"line":275,"column":4},"end":{"line":277,"column":5}},{"start":{},"end":{}}],"line":275},"35":{"loc":{"start":{"line":279,"column":4},"end":{"line":281,"column":5}},"type":"if","locations":[{"start":{"line":279,"column":4},"end":{"line":281,"column":5}},{"start":{},"end":{}}],"line":279},"36":{"loc":{"start":{"line":301,"column":19},"end":{"line":301,"column":42}},"type":"cond-expr","locations":[{"start":{"line":301,"column":25},"end":{"line":301,"column":38}},{"start":{"line":301,"column":41},"end":{"line":301,"column":42}}],"line":301},"37":{"loc":{"start":{"line":302,"column":18},"end":{"line":302,"column":44}},"type":"cond-expr","locations":[{"start":{"line":302,"column":24},"end":{"line":302,"column":36}},{"start":{"line":302,"column":39},"end":{"line":302,"column":44}}],"line":302}},"s":{"0":16,"1":2,"2":2,"3":2,"4":0,"5":2,"6":1,"7":1,"8":1,"9":0,"10":0,"11":16,"12":3,"13":3,"14":3,"15":0,"16":3,"17":0,"18":3,"19":3,"20":0,"21":3,"22":3,"23":0,"24":3,"25":3,"26":1,"27":2,"28":0,"29":0,"30":16,"31":6,"32":6,"33":6,"34":0,"35":6,"36":0,"37":6,"38":6,"39":0,"40":6,"41":6,"42":0,"43":6,"44":0,"45":6,"46":6,"47":1,"48":5,"49":5,"50":5,"51":5,"52":5,"53":5,"54":5,"55":5,"56":5,"57":5,"58":0,"59":0,"60":16,"61":6,"62":6,"63":6,"64":0,"65":6,"66":0,"67":6,"68":6,"69":0,"70":6,"71":6,"72":0,"73":6,"74":2,"75":4,"76":1,"77":3,"78":0,"79":3,"80":3,"81":0,"82":3,"83":3,"84":3,"85":0,"86":3,"87":3,"88":3,"89":3,"90":3,"91":3,"92":3,"93":3,"94":3,"95":3,"96":3,"97":0,"98":0,"99":16,"100":2,"101":2,"102":2,"103":0,"104":2,"105":0,"106":2,"107":2,"108":2,"109":2,"110":2,"111":0,"112":0},"f":{"0":2,"1":3,"2":6,"3":6,"4":2,"5":2},"b":{"0":[0,2],"1":[1,1],"2":[0,3],"3":[0,3],"4":[3,0,0,0],"5":[0,3],"6":[3,3],"7":[0,3],"8":[1,2],"9":[0,6],"10":[0,6],"11":[6,0,0,0],"12":[0,6],"13":[6,6],"14":[0,6],"15":[0,6],"16":[1,5],"17":[5,0],"18":[0,6],"19":[0,6],"20":[6,0,0,0],"21":[0,6],"22":[6,6],"23":[0,6],"24":[2,4],"25":[6,4],"26":[1,3],"27":[0,3],"28":[3,3],"29":[0,3],"30":[3,0],"31":[0,3],"32":[3,2],"33":[3,0],"34":[0,2],"35":[0,2],"36":[2,0],"37":[2,0]},"inputSourceMap":null,"_coverageSchema":"1a1c01bbd47fc00a2c39e90264f33305004495a9","hash":"da6a850183ddb6942fe003cdfe1c596599801596"}
,"C:\\Users\\hp\\Music\\MyProjects\\SnapFix\\Server\\controllers\\authController.js": {"path":"C:\\Users\\hp\\Music\\MyProjects\\SnapFix\\Server\\controllers\\authController.js","statementMap":{"0":{"start":{"line":7,"column":24},"end":{"line":27,"column":1}},"1":{"start":{"line":8,"column":4},"end":{"line":26,"column":5}},"2":{"start":{"line":9,"column":42},"end":{"line":9,"column":50}},"3":{"start":{"line":10,"column":31},"end":{"line":10,"column":61}},"4":{"start":{"line":12,"column":25},"end":{"line":12,"column":54}},"5":{"start":{"line":13,"column":8},"end":{"line":13,"column":105}},"6":{"start":{"line":13,"column":22},"end":{"line":13,"column":105}},"7":{"start":{"line":15,"column":21},"end":{"line":17,"column":10}},"8":{"start":{"line":18,"column":8},"end":{"line":21,"column":10}},"9":{"start":{"line":24,"column":8},"end":{"line":24,"column":34}},"10":{"start":{"line":25,"column":8},"end":{"line":25,"column":88}},"11":{"start":{"line":30,"column":21},"end":{"line":46,"column":1}},"12":{"start":{"line":31,"column":4},"end":{"line":45,"column":5}},"13":{"start":{"line":32,"column":36},"end":{"line":32,"column":44}},"14":{"start":{"line":33,"column":21},"end":{"line":33,"column":50}},"15":{"start":{"line":34,"column":8},"end":{"line":35,"column":91}},"16":{"start":{"line":35,"column":12},"end":{"line":35,"column":91}},"17":{"start":{"line":37,"column":22},"end":{"line":37,"column":110}},"18":{"start":{"line":38,"column":8},"end":{"line":41,"column":10}},"19":{"start":{"line":43,"column":8},"end":{"line":43,"column":35}},"20":{"start":{"line":44,"column":8},"end":{"line":44,"column":84}},"21":{"start":{"line":49,"column":23},"end":{"line":84,"column":1}},"22":{"start":{"line":50,"column":4},"end":{"line":83,"column":5}},"23":{"start":{"line":51,"column":78},"end":{"line":51,"column":86}},"24":{"start":{"line":52,"column":28},"end":{"line":54,"column":66}},"25":{"start":{"line":54,"column":41},"end":{"line":54,"column":49}},"26":{"start":{"line":57,"column":8},"end":{"line":59,"column":9}},"27":{"start":{"line":58,"column":12},"end":{"line":58,"column":91}},"28":{"start":{"line":60,"column":31},"end":{"line":60,"column":61}},"29":{"start":{"line":61,"column":25},"end":{"line":61,"column":56}},"30":{"start":{"line":62,"column":8},"end":{"line":62,"column":105}},"31":{"start":{"line":62,"column":22},"end":{"line":62,"column":105}},"32":{"start":{"line":65,"column":23},"end":{"line":72,"column":10}},"33":{"start":{"line":73,"column":8},"end":{"line":79,"column":10}},"34":{"start":{"line":81,"column":8},"end":{"line":81,"column":34}},"35":{"start":{"line":82,"column":8},"end":{"line":82,"column":91}},"36":{"start":{"line":87,"column":20},"end":{"line":106,"column":1}},"37":{"start":{"line":88,"column":4},"end":{"line":105,"column":5}},"38":{"start":{"line":89,"column":36},"end":{"line":89,"column":44}},"39":{"start":{"line":90,"column":23},"end":{"line":90,"column":54}},"40":{"start":{"line":91,"column":8},"end":{"line":92,"column":91}},"41":{"start":{"line":92,"column":12},"end":{"line":92,"column":91}},"42":{"start":{"line":94,"column":22},"end":{"line":94,"column":114}},"43":{"start":{"line":95,"column":8},"end":{"line":101,"column":10}},"44":{"start":{"line":103,"column":8},"end":{"line":103,"column":35}},"45":{"start":{"line":104,"column":8},"end":{"line":104,"column":79}},"46":{"start":{"line":109,"column":19},"end":{"line":138,"column":1}},"47":{"start":{"line":110,"column":4},"end":{"line":137,"column":5}},"48":{"start":{"line":111,"column":36},"end":{"line":111,"column":44}},"49":{"start":{"line":112,"column":8},"end":{"line":113,"column":91}},"50":{"start":{"line":113,"column":12},"end":{"line":113,"column":91}},"51":{"start":{"line":115,"column":20},"end":{"line":115,"column":75}},"52":{"start":{"line":117,"column":8},"end":{"line":125,"column":9}},"53":{"start":{"line":119,"column":40},"end":{"line":119,"column":89}},"54":{"start":{"line":120,"column":12},"end":{"line":124,"column":14}},"55":{"start":{"line":127,"column":24},"end":{"line":127,"column":70}},"56":{"start":{"line":128,"column":8},"end":{"line":130,"column":9}},"57":{"start":{"line":129,"column":12},"end":{"line":129,"column":91}},"58":{"start":{"line":132,"column":22},"end":{"line":132,"column":119}},"59":{"start":{"line":133,"column":8},"end":{"line":133,"column":107}},"60":{"start":{"line":135,"column":8},"end":{"line":135,"column":34}},"61":{"start":{"line":136,"column":8},"end":{"line":136,"column":79}}},"fnMap":{"0":{"name":"(anonymous_0)","decl":{"start":{"line":7,"column":24},"end":{"line":7,"column":25}},"loc":{"start":{"line":7,"column":44},"end":{"line":27,"column":1}},"line":7},"1":{"name":"(anonymous_1)","decl":{"start":{"line":30,"column":21},"end":{"line":30,"column":22}},"loc":{"start":{"line":30,"column":41},"end":{"line":46,"column":1}},"line":30},"2":{"name":"(anonymous_2)","decl":{"start":{"line":49,"column":23},"end":{"line":49,"column":24}},"loc":{"start":{"line":49,"column":43},"end":{"line":84,"column":1}},"line":49},"3":{"name":"(anonymous_3)","decl":{"start":{"line":54,"column":36},"end":{"line":54,"column":37}},"loc":{"start":{"line":54,"column":41},"end":{"line":54,"column":49}},"line":54},"4":{"name":"(anonymous_4)","decl":{"start":{"line":87,"column":20},"end":{"line":87,"column":21}},"loc":{"start":{"line":87,"column":40},"end":{"line":106,"column":1}},"line":87},"5":{"name":"(anonymous_5)","decl":{"start":{"line":109,"column":19},"end":{"line":109,"column":20}},"loc":{"start":{"line":109,"column":39},"end":{"line":138,"column":1}},"line":109}},"branchMap":{"0":{"loc":{"start":{"line":13,"column":8},"end":{"line":13,"column":105}},"type":"if","locations":[{"start":{"line":13,"column":8},"end":{"line":13,"column":105}},{"start":{},"end":{}}],"line":13},"1":{"loc":{"start":{"line":34,"column":8},"end":{"line":35,"column":91}},"type":"if","locations":[{"start":{"line":34,"column":8},"end":{"line":35,"column":91}},{"start":{},"end":{}}],"line":34},"2":{"loc":{"start":{"line":34,"column":12},"end":{"line":34,"column":69}},"type":"binary-expr","locations":[{"start":{"line":34,"column":12},"end":{"line":34,"column":17}},{"start":{"line":34,"column":21},"end":{"line":34,"column":69}}],"line":34},"3":{"loc":{"start":{"line":52,"column":28},"end":{"line":54,"column":66}},"type":"cond-expr","locations":[{"start":{"line":53,"column":14},"end":{"line":53,"column":20}},{"start":{"line":54,"column":14},"end":{"line":54,"column":66}}],"line":52},"4":{"loc":{"start":{"line":57,"column":8},"end":{"line":59,"column":9}},"type":"if","locations":[{"start":{"line":57,"column":8},"end":{"line":59,"column":9}},{"start":{},"end":{}}],"line":57},"5":{"loc":{"start":{"line":57,"column":12},"end":{"line":57,"column":35}},"type":"binary-expr","locations":[{"start":{"line":57,"column":12},"end":{"line":57,"column":21}},{"start":{"line":57,"column":25},"end":{"line":57,"column":35}}],"line":57},"6":{"loc":{"start":{"line":62,"column":8},"end":{"line":62,"column":105}},"type":"if","locations":[{"start":{"line":62,"column":8},"end":{"line":62,"column":105}},{"start":{},"end":{}}],"line":62},"7":{"loc":{"start":{"line":91,"column":8},"end":{"line":92,"column":91}},"type":"if","locations":[{"start":{"line":91,"column":8},"end":{"line":92,"column":91}},{"start":{},"end":{}}],"line":91},"8":{"loc":{"start":{"line":91,"column":12},"end":{"line":91,"column":73}},"type":"binary-expr","locations":[{"start":{"line":91,"column":12},"end":{"line":91,"column":19}},{"start":{"line":91,"column":23},"end":{"line":91,"column":73}}],"line":91},"9":{"loc":{"start":{"line":112,"column":8},"end":{"line":113,"column":91}},"type":"if","locations":[{"start":{"line":112,"column":8},"end":{"line":113,"column":91}},{"start":{},"end":{}}],"line":112},"10":{"loc":{"start":{"line":117,"column":8},"end":{"line":125,"column":9}},"type":"if","locations":[{"start":{"line":117,"column":8},"end":{"line":125,"column":9}},{"start":{},"end":{}}],"line":117},"11":{"loc":{"start":{"line":128,"column":8},"end":{"line":130,"column":9}},"type":"if","locations":[{"start":{"line":128,"column":8},"end":{"line":130,"column":9}},{"start":{},"end":{}}],"line":128}},"s":{"0":16,"1":4,"2":4,"3":4,"4":4,"5":4,"6":1,"7":3,"8":3,"9":0,"10":0,"11":16,"12":2,"13":2,"14":2,"15":2,"16":1,"17":1,"18":1,"19":0,"20":0,"21":16,"22":3,"23":3,"24":3,"25":2,"26":3,"27":1,"28":2,"29":2,"30":2,"31":0,"32":2,"33":2,"34":0,"35":0,"36":16,"37":1,"38":1,"39":1,"40":1,"41":0,"42":1,"43":1,"44":0,"45":0,"46":16,"47":1,"48":1,"49":1,"50":0,"51":1,"52":1,"53":1,"54":1,"55":1,"56":1,"57":0,"58":1,"59":1,"60":0,"61":0},"f":{"0":4,"1":2,"2":3,"3":2,"4":1,"5":1},"b":{"0":[1,3],"1":[1,1],"2":[2,2],"3":[2,1],"4":[1,2],"5":[3,2],"6":[0,2],"7":[0,1],"8":[1,1],"9":[0,1],"10":[1,0],"11":[0,1]},"inputSourceMap":null,"_coverageSchema":"1a1c01bbd47fc00a2c39e90264f33305004495a9","hash":"c27dadc307375f89769cd5c28eab16ee045b041f"}
,"C:\\Users\\hp\\Music\\MyProjects\\SnapFix\\Server\\controllers\\bidController.js": {"path":"C:\\Users\\hp\\Music\\MyProjects\\SnapFix\\Server\\controllers\\bidController.js","statementMap":{"0":{"start":{"line":5,"column":18},"end":{"line":47,"column":1}},"1":{"start":{"line":6,"column":4},"end":{"line":44,"column":5}},"2":{"start":{"line":7,"column":23},"end":{"line":7,"column":36}},"3":{"start":{"line":8,"column":19},"end":{"line":8,"column":93}},"4":{"start":{"line":9,"column":54},"end":{"line":9,"column":62}},"5":{"start":{"line":11,"column":8},"end":{"line":11,"column":100}},"6":{"start":{"line":11,"column":21},"end":{"line":11,"column":100}},"7":{"start":{"line":13,"column":8},"end":{"line":15,"column":9}},"8":{"start":{"line":14,"column":12},"end":{"line":14,"column":101}},"9":{"start":{"line":18,"column":23},"end":{"line":18,"column":66}},"10":{"start":{"line":19,"column":8},"end":{"line":21,"column":9}},"11":{"start":{"line":20,"column":12},"end":{"line":20,"column":89}},"12":{"start":{"line":23,"column":28},"end":{"line":23,"column":85}},"13":{"start":{"line":24,"column":8},"end":{"line":29,"column":9}},"14":{"start":{"line":25,"column":12},"end":{"line":28,"column":15}},"15":{"start":{"line":30,"column":20},"end":{"line":32,"column":10}},"16":{"start":{"line":33,"column":8},"end":{"line":40,"column":10}},"17":{"start":{"line":42,"column":8},"end":{"line":42,"column":34}},"18":{"start":{"line":43,"column":8},"end":{"line":43,"column":83}}},"fnMap":{"0":{"name":"(anonymous_0)","decl":{"start":{"line":5,"column":18},"end":{"line":5,"column":19}},"loc":{"start":{"line":5,"column":38},"end":{"line":47,"column":1}},"line":5}},"branchMap":{"0":{"loc":{"start":{"line":8,"column":19},"end":{"line":8,"column":93}},"type":"binary-expr","locations":[{"start":{"line":8,"column":19},"end":{"line":8,"column":32}},{"start":{"line":8,"column":36},"end":{"line":8,"column":55}},{"start":{"line":8,"column":59},"end":{"line":8,"column":77}},{"start":{"line":8,"column":81},"end":{"line":8,"column":93}}],"line":8},"1":{"loc":{"start":{"line":11,"column":8},"end":{"line":11,"column":100}},"type":"if","locations":[{"start":{"line":11,"column":8},"end":{"line":11,"column":100}},{"start":{},"end":{}}],"line":11},"2":{"loc":{"start":{"line":13,"column":8},"end":{"line":15,"column":9}},"type":"if","locations":[{"start":{"line":13,"column":8},"end":{"line":15,"column":9}},{"start":{},"end":{}}],"line":13},"3":{"loc":{"start":{"line":13,"column":12},"end":{"line":13,"column":55}},"type":"binary-expr","locations":[{"start":{"line":13,"column":12},"end":{"line":13,"column":15}},{"start":{"line":13,"column":19},"end":{"line":13,"column":55}}],"line":13},"4":{"loc":{"start":{"line":19,"column":8},"end":{"line":21,"column":9}},"type":"if","locations":[{"start":{"line":19,"column":8},"end":{"line":21,"column":9}},{"start":{},"end":{}}],"line":19},"5":{"loc":{"start":{"line":24,"column":8},"end":{"line":29,"column":9}},"type":"if","locations":[{"start":{"line":24,"column":8},"end":{"line":29,"column":9}},{"start":{},"end":{}}],"line":24}},"s":{"0":16,"1":6,"2":6,"3":6,"4":6,"5":6,"6":0,"7":6,"8":0,"9":6,"10":6,"11":0,"12":6,"13":6,"14":1,"15":5,"16":5,"17":0,"18":0},"f":{"0":6},"b":{"0":[6,0,0,0],"1":[0,6],"2":[0,6],"3":[6,6],"4":[0,6],"5":[1,5]},"inputSourceMap":null,"_coverageSchema":"1a1c01bbd47fc00a2c39e90264f33305004495a9","hash":"f67d1876c623603f8900d3b44ea8cf37260c8daf"}
,"C:\\Users\\hp\\Music\\MyProjects\\SnapFix\\Server\\controllers\\notificationController.js": {"path":"C:\\Users\\hp\\Music\\MyProjects\\SnapFix\\Server\\controllers\\notificationController.js","statementMap":{"0":{"start":{"line":5,"column":25},"end":{"line":19,"column":1}},"1":{"start":{"line":6,"column":4},"end":{"line":18,"column":5}},"2":{"start":{"line":7,"column":23},"end":{"line":7,"column":36}},"3":{"start":{"line":8,"column":25},"end":{"line":8,"column":106}},"4":{"start":{"line":10,"column":30},"end":{"line":12,"column":22}},"5":{"start":{"line":14,"column":8},"end":{"line":14,"column":63}},"6":{"start":{"line":16,"column":8},"end":{"line":16,"column":70}},"7":{"start":{"line":17,"column":8},"end":{"line":17,"column":91}},"8":{"start":{"line":22,"column":19},"end":{"line":34,"column":1}},"9":{"start":{"line":23,"column":4},"end":{"line":33,"column":5}},"10":{"start":{"line":24,"column":19},"end":{"line":24,"column":48}},"11":{"start":{"line":25,"column":8},"end":{"line":27,"column":9}},"12":{"start":{"line":26,"column":12},"end":{"line":26,"column":107}},"13":{"start":{"line":28,"column":8},"end":{"line":28,"column":67}},"14":{"start":{"line":29,"column":8},"end":{"line":29,"column":88}},"15":{"start":{"line":31,"column":8},"end":{"line":31,"column":76}},"16":{"start":{"line":32,"column":8},"end":{"line":32,"column":97}},"17":{"start":{"line":37,"column":27},"end":{"line":43,"column":1}},"18":{"start":{"line":38,"column":4},"end":{"line":42,"column":5}},"19":{"start":{"line":39,"column":8},"end":{"line":39,"column":71}},"20":{"start":{"line":41,"column":8},"end":{"line":41,"column":76}}},"fnMap":{"0":{"name":"(anonymous_0)","decl":{"start":{"line":5,"column":25},"end":{"line":5,"column":26}},"loc":{"start":{"line":5,"column":45},"end":{"line":19,"column":1}},"line":5},"1":{"name":"(anonymous_1)","decl":{"start":{"line":22,"column":19},"end":{"line":22,"column":20}},"loc":{"start":{"line":22,"column":39},"end":{"line":34,"column":1}},"line":22},"2":{"name":"(anonymous_2)","decl":{"start":{"line":37,"column":27},"end":{"line":37,"column":28}},"loc":{"start":{"line":37,"column":70},"end":{"line":43,"column":1}},"line":37}},"branchMap":{"0":{"loc":{"start":{"line":8,"column":25},"end":{"line":8,"column":106}},"type":"cond-expr","locations":[{"start":{"line":8,"column":50},"end":{"line":8,"column":56}},{"start":{"line":8,"column":60},"end":{"line":8,"column":105}}],"line":8},"1":{"loc":{"start":{"line":8,"column":60},"end":{"line":8,"column":105}},"type":"cond-expr","locations":[{"start":{"line":8,"column":87},"end":{"line":8,"column":95}},{"start":{"line":8,"column":98},"end":{"line":8,"column":105}}],"line":8},"2":{"loc":{"start":{"line":24,"column":19},"end":{"line":24,"column":48}},"type":"binary-expr","locations":[{"start":{"line":24,"column":19},"end":{"line":24,"column":32}},{"start":{"line":24,"column":36},"end":{"line":24,"column":48}}],"line":24},"3":{"loc":{"start":{"line":25,"column":8},"end":{"line":27,"column":9}},"type":"if","locations":[{"start":{"line":25,"column":8},"end":{"line":27,"column":9}},{"start":{},"end":{}}],"line":25},"4":{"loc":{"start":{"line":25,"column":12},"end":{"line":25,"column":55}},"type":"binary-expr","locations":[{"start":{"line":25,"column":12},"end":{"line":25,"column":15}},{"start":{"line":25,"column":19},"end":{"line":25,"column":55}}],"line":25}},"s":{"0":17,"1":1,"2":1,"3":1,"4":1,"5":1,"6":0,"7":0,"8":17,"9":1,"10":1,"11":1,"12":0,"13":1,"14":1,"15":0,"16":0,"17":17,"18":33,"19":33,"20":0},"f":{"0":1,"1":1,"2":33},"b":{"0":[1,0],"1":[0,0],"2":[1,0],"3":[0,1],"4":[1,1]},"inputSourceMap":null,"_coverageSchema":"1a1c01bbd47fc00a2c39e90264f33305004495a9","hash":"c4efeb282e5de54e9b3956f1c6c40072123f017f"}
,"C:\\Users\\hp\\Music\\MyProjects\\SnapFix\\Server\\controllers\\taskController.js": {"path":"C:\\Users\\hp\\Music\\MyProjects\\SnapFix\\Server\\controllers\\taskController.js","statementMap":{"0":{"start":{"line":9,"column":20},"end":{"line":120,"column":1}},"1":{"start":{"line":10,"column":2},"end":{"line":119,"column":3}},"2":{"start":{"line":12,"column":15},"end":{"line":12,"column":85}},"3":{"start":{"line":13,"column":45},"end":{"line":13,"column":53}},"4":{"start":{"line":16,"column":19},"end":{"line":16,"column":32}},"5":{"start":{"line":17,"column":4},"end":{"line":19,"column":5}},"6":{"start":{"line":18,"column":6},"end":{"line":18,"column":79}},"7":{"start":{"line":21,"column":4},"end":{"line":26,"column":5}},"8":{"start":{"line":22,"column":6},"end":{"line":25,"column":9}},"9":{"start":{"line":28,"column":4},"end":{"line":33,"column":5}},"10":{"start":{"line":29,"column":6},"end":{"line":32,"column":9}},"11":{"start":{"line":36,"column":4},"end":{"line":41,"column":5}},"12":{"start":{"line":37,"column":6},"end":{"line":40,"column":9}},"13":{"start":{"line":43,"column":4},"end":{"line":48,"column":5}},"14":{"start":{"line":44,"column":6},"end":{"line":47,"column":9}},"15":{"start":{"line":51,"column":17},"end":{"line":51,"column":40}},"16":{"start":{"line":52,"column":4},"end":{"line":57,"column":5}},"17":{"start":{"line":53,"column":6},"end":{"line":56,"column":9}},"18":{"start":{"line":60,"column":4},"end":{"line":65,"column":5}},"19":{"start":{"line":61,"column":6},"end":{"line":64,"column":9}},"20":{"start":{"line":67,"column":4},"end":{"line":72,"column":5}},"21":{"start":{"line":68,"column":6},"end":{"line":71,"column":9}},"22":{"start":{"line":75,"column":29},"end":{"line":78,"column":5}},"23":{"start":{"line":80,"column":4},"end":{"line":80,"column":33}},"24":{"start":{"line":83,"column":4},"end":{"line":91,"column":6}},"25":{"start":{"line":93,"column":4},"end":{"line":93,"column":36}},"26":{"start":{"line":94,"column":4},"end":{"line":94,"column":22}},"27":{"start":{"line":97,"column":4},"end":{"line":101,"column":7}},"28":{"start":{"line":105,"column":26},"end":{"line":105,"column":70}},"29":{"start":{"line":106,"column":4},"end":{"line":108,"column":5}},"30":{"start":{"line":107,"column":8},"end":{"line":107,"column":203}},"31":{"start":{"line":110,"column":4},"end":{"line":110,"column":11}},"32":{"start":{"line":114,"column":4},"end":{"line":114,"column":55}},"33":{"start":{"line":115,"column":4},"end":{"line":118,"column":7}},"34":{"start":{"line":124,"column":24},"end":{"line":188,"column":1}},"35":{"start":{"line":125,"column":4},"end":{"line":187,"column":5}},"36":{"start":{"line":126,"column":23},"end":{"line":126,"column":36}},"37":{"start":{"line":127,"column":8},"end":{"line":127,"column":94}},"38":{"start":{"line":127,"column":21},"end":{"line":127,"column":94}},"39":{"start":{"line":128,"column":8},"end":{"line":130,"column":9}},"40":{"start":{"line":129,"column":12},"end":{"line":129,"column":113}},"41":{"start":{"line":131,"column":19},"end":{"line":131,"column":89}},"42":{"start":{"line":132,"column":32},"end":{"line":132,"column":40}},"43":{"start":{"line":134,"column":8},"end":{"line":136,"column":9}},"44":{"start":{"line":135,"column":12},"end":{"line":135,"column":99}},"45":{"start":{"line":138,"column":30},"end":{"line":139,"column":53}},"46":{"start":{"line":141,"column":8},"end":{"line":141,"column":107}},"47":{"start":{"line":141,"column":28},"end":{"line":141,"column":107}},"48":{"start":{"line":142,"column":8},"end":{"line":143,"column":114}},"49":{"start":{"line":143,"column":12},"end":{"line":143,"column":114}},"50":{"start":{"line":146,"column":8},"end":{"line":180,"column":9}},"51":{"start":{"line":147,"column":12},"end":{"line":147,"column":50}},"52":{"start":{"line":148,"column":12},"end":{"line":148,"column":49}},"53":{"start":{"line":149,"column":12},"end":{"line":149,"column":46}},"54":{"start":{"line":150,"column":12},"end":{"line":150,"column":38}},"55":{"start":{"line":152,"column":12},"end":{"line":154,"column":15}},"56":{"start":{"line":155,"column":12},"end":{"line":155,"column":55}},"57":{"start":{"line":157,"column":12},"end":{"line":157,"column":113}},"58":{"start":{"line":160,"column":12},"end":{"line":160,"column":193}},"59":{"start":{"line":162,"column":12},"end":{"line":162,"column":19}},"60":{"start":{"line":164,"column":12},"end":{"line":164,"column":51}},"61":{"start":{"line":165,"column":12},"end":{"line":165,"column":49}},"62":{"start":{"line":166,"column":12},"end":{"line":166,"column":45}},"63":{"start":{"line":167,"column":12},"end":{"line":167,"column":38}},"64":{"start":{"line":169,"column":12},"end":{"line":171,"column":15}},"65":{"start":{"line":172,"column":12},"end":{"line":172,"column":55}},"66":{"start":{"line":174,"column":12},"end":{"line":174,"column":113}},"67":{"start":{"line":177,"column":12},"end":{"line":177,"column":209}},"68":{"start":{"line":179,"column":12},"end":{"line":179,"column":19}},"69":{"start":{"line":185,"column":8},"end":{"line":185,"column":34}},"70":{"start":{"line":186,"column":8},"end":{"line":186,"column":77}},"71":{"start":{"line":191,"column":19},"end":{"line":219,"column":1}},"72":{"start":{"line":192,"column":4},"end":{"line":218,"column":5}},"73":{"start":{"line":193,"column":23},"end":{"line":193,"column":36}},"74":{"start":{"line":195,"column":8},"end":{"line":197,"column":9}},"75":{"start":{"line":196,"column":12},"end":{"line":196,"column":85}},"76":{"start":{"line":199,"column":8},"end":{"line":201,"column":9}},"77":{"start":{"line":200,"column":12},"end":{"line":200,"column":86}},"78":{"start":{"line":203,"column":22},"end":{"line":205,"column":36}},"79":{"start":{"line":207,"column":8},"end":{"line":210,"column":11}},"80":{"start":{"line":213,"column":8},"end":{"line":213,"column":37}},"81":{"start":{"line":214,"column":8},"end":{"line":217,"column":11}},"82":{"start":{"line":224,"column":22},"end":{"line":251,"column":1}},"83":{"start":{"line":225,"column":4},"end":{"line":250,"column":5}},"84":{"start":{"line":226,"column":19},"end":{"line":226,"column":89}},"85":{"start":{"line":228,"column":8},"end":{"line":230,"column":9}},"86":{"start":{"line":229,"column":12},"end":{"line":229,"column":99}},"87":{"start":{"line":232,"column":21},"end":{"line":232,"column":44}},"88":{"start":{"line":234,"column":8},"end":{"line":234,"column":97}},"89":{"start":{"line":234,"column":19},"end":{"line":234,"column":97}},"90":{"start":{"line":236,"column":23},"end":{"line":236,"column":36}},"91":{"start":{"line":237,"column":25},"end":{"line":237,"column":33}},"92":{"start":{"line":239,"column":33},"end":{"line":239,"column":87}},"93":{"start":{"line":240,"column":24},"end":{"line":240,"column":72}},"94":{"start":{"line":242,"column":8},"end":{"line":244,"column":9}},"95":{"start":{"line":243,"column":12},"end":{"line":243,"column":86}},"96":{"start":{"line":246,"column":8},"end":{"line":246,"column":99}},"97":{"start":{"line":248,"column":8},"end":{"line":248,"column":34}},"98":{"start":{"line":249,"column":8},"end":{"line":249,"column":89}}},"fnMap":{"0":{"name":"(anonymous_0)","decl":{"start":{"line":9,"column":20},"end":{"line":9,"column":21}},"loc":{"start":{"line":9,"column":40},"end":{"line":120,"column":1}},"line":9},"1":{"name":"(anonymous_1)","decl":{"start":{"line":124,"column":24},"end":{"line":124,"column":25}},"loc":{"start":{"line":124,"column":44},"end":{"line":188,"column":1}},"line":124},"2":{"name":"(anonymous_2)","decl":{"start":{"line":191,"column":19},"end":{"line":191,"column":20}},"loc":{"start":{"line":191,"column":39},"end":{"line":219,"column":1}},"line":191},"3":{"name":"(anonymous_3)","decl":{"start":{"line":224,"column":22},"end":{"line":224,"column":23}},"loc":{"start":{"line":224,"column":42},"end":{"line":251,"column":1}},"line":224}},"branchMap":{"0":{"loc":{"start":{"line":12,"column":15},"end":{"line":12,"column":85}},"type":"binary-expr","locations":[{"start":{"line":12,"column":15},"end":{"line":12,"column":28}},{"start":{"line":12,"column":32},"end":{"line":12,"column":49}},{"start":{"line":12,"column":53},"end":{"line":12,"column":69}},{"start":{"line":12,"column":73},"end":{"line":12,"column":85}}],"line":12},"1":{"loc":{"start":{"line":17,"column":4},"end":{"line":19,"column":5}},"type":"if","locations":[{"start":{"line":17,"column":4},"end":{"line":19,"column":5}},{"start":{},"end":{}}],"line":17},"2":{"loc":{"start":{"line":21,"column":4},"end":{"line":26,"column":5}},"type":"if","locations":[{"start":{"line":21,"column":4},"end":{"line":26,"column":5}},{"start":{},"end":{}}],"line":21},"3":{"loc":{"start":{"line":28,"column":4},"end":{"line":33,"column":5}},"type":"if","locations":[{"start":{"line":28,"column":4},"end":{"line":33,"column":5}},{"start":{},"end":{}}],"line":28},"4":{"loc":{"start":{"line":28,"column":8},"end":{"line":28,"column":51}},"type":"binary-expr","locations":[{"start":{"line":28,"column":8},"end":{"line":28,"column":11}},{"start":{"line":28,"column":15},"end":{"line":28,"column":51}}],"line":28},"5":{"loc":{"start":{"line":36,"column":4},"end":{"line":41,"column":5}},"type":"if","locations":[{"start":{"line":36,"column":4},"end":{"line":41,"column":5}},{"start":{},"end":{}}],"line":36},"6":{"loc":{"start":{"line":36,"column":8},"end":{"line":36,"column":31}},"type":"binary-expr","locations":[{"start":{"line":36,"column":8},"end":{"line":36,"column":17}},{"start":{"line":36,"column":21},"end":{"line":36,"column":31}}],"line":36},"7":{"loc":{"start":{"line":43,"column":4},"end":{"line":48,"column":5}},"type":"if","locations":[{"start":{"line":43,"column":4},"end":{"line":48,"column":5}},{"start":{},"end":{}}],"line":43},"8":{"loc":{"start":{"line":52,"column":4},"end":{"line":57,"column":5}},"type":"if","locations":[{"start":{"line":52,"column":4},"end":{"line":57,"column":5}},{"start":{},"end":{}}],"line":52},"9":{"loc":{"start":{"line":60,"column":4},"end":{"line":65,"column":5}},"type":"if","locations":[{"start":{"line":60,"column":4},"end":{"line":65,"column":5}},{"start":{},"end":{}}],"line":60},"10":{"loc":{"start":{"line":67,"column":4},"end":{"line":72,"column":5}},"type":"if","locations":[{"start":{"line":67,"column":4},"end":{"line":72,"column":5}},{"start":{},"end":{}}],"line":67},"11":{"loc":{"start":{"line":106,"column":4},"end":{"line":108,"column":5}},"type":"if","locations":[{"start":{"line":106,"column":4},"end":{"line":108,"column":5}},{"start":{},"end":{}}],"line":106},"12":{"loc":{"start":{"line":106,"column":8},"end":{"line":106,"column":66}},"type":"binary-expr","locations":[{"start":{"line":106,"column":8},"end":{"line":106,"column":30}},{"start":{"line":106,"column":34},"end":{"line":106,"column":66}}],"line":106},"13":{"loc":{"start":{"line":127,"column":8},"end":{"line":127,"column":94}},"type":"if","locations":[{"start":{"line":127,"column":8},"end":{"line":127,"column":94}},{"start":{},"end":{}}],"line":127},"14":{"loc":{"start":{"line":128,"column":8},"end":{"line":130,"column":9}},"type":"if","locations":[{"start":{"line":128,"column":8},"end":{"line":130,"column":9}},{"start":{},"end":{}}],"line":128},"15":{"loc":{"start":{"line":131,"column":19},"end":{"line":131,"column":89}},"type":"binary-expr","locations":[{"start":{"line":131,"column":19},"end":{"line":131,"column":32}},{"start":{"line":131,"column":36},"end":{"line":131,"column":53}},{"start":{"line":131,"column":57},"end":{"line":131,"column":73}},{"start":{"line":131,"column":77},"end":{"line":131,"column":89}}],"line":131},"16":{"loc":{"start":{"line":134,"column":8},"end":{"line":136,"column":9}},"type":"if","locations":[{"start":{"line":134,"column":8},"end":{"line":136,"column":9}},{"start":{},"end":{}}],"line":134},"17":{"loc":{"start":{"line":134,"column":12},"end":{"line":134,"column":55}},"type":"binary-expr","locations":[{"start":{"line":134,"column":12},"end":{"line":134,"column":15}},{"start":{"line":134,"column":19},"end":{"line":134,"column":55}}],"line":134},"18":{"loc":{"start":{"line":141,"column":8},"end":{"line":141,"column":107}},"type":"if","locations":[{"start":{"line":141,"column":8},"end":{"line":141,"column":107}},{"start":{},"end":{}}],"line":141},"19":{"loc":{"start":{"line":142,"column":8},"end":{"line":143,"column":114}},"type":"if","locations":[{"start":{"line":142,"column":8},"end":{"line":143,"column":114}},{"start":{},"end":{}}],"line":142},"20":{"loc":{"start":{"line":146,"column":8},"end":{"line":180,"column":9}},"type":"if","locations":[{"start":{"line":146,"column":8},"end":{"line":180,"column":9}},{"start":{"line":163,"column":15},"end":{"line":180,"column":9}}],"line":146},"21":{"loc":{"start":{"line":195,"column":8},"end":{"line":197,"column":9}},"type":"if","locations":[{"start":{"line":195,"column":8},"end":{"line":197,"column":9}},{"start":{},"end":{}}],"line":195},"22":{"loc":{"start":{"line":199,"column":8},"end":{"line":201,"column":9}},"type":"if","locations":[{"start":{"line":199,"column":8},"end":{"line":201,"column":9}},{"start":{},"end":{}}],"line":199},"23":{"loc":{"start":{"line":226,"column":19},"end":{"line":226,"column":89}},"type":"binary-expr","locations":[{"start":{"line":226,"column":19},"end":{"line":226,"column":32}},{"start":{"line":226,"column":36},"end":{"line":226,"column":53}},{"start":{"line":226,"column":57},"end":{"line":226,"column":73}},{"start":{"line":226,"column":77},"end":{"line":226,"column":89}}],"line":226},"24":{"loc":{"start":{"line":228,"column":8},"end":{"line":230,"column":9}},"type":"if","locations":[{"start":{"line":228,"column":8},"end":{"line":230,"column":9}},{"start":{},"end":{}}],"line":228},"25":{"loc":{"start":{"line":228,"column":12},"end":{"line":228,"column":55}},"type":"binary-expr","locations":[{"start":{"line":228,"column":12},"end":{"line":228,"column":15}},{"start":{"line":228,"column":19},"end":{"line":228,"column":55}}],"line":228},"26":{"loc":{"start":{"line":234,"column":8},"end":{"line":234,"column":97}},"type":"if","locations":[{"start":{"line":234,"column":8},"end":{"line":234,"column":97}},{"start":{},"end":{}}],"line":234},"27":{"loc":{"start":{"line":242,"column":8},"end":{"line":244,"column":9}},"type":"if","locations":[{"start":{"line":242,"column":8},"end":{"line":244,"column":9}},{"start":{},"end":{}}],"line":242},"28":{"loc":{"start":{"line":242,"column":12},"end":{"line":242,"column":41}},"type":"binary-expr","locations":[{"start":{"line":242,"column":12},"end":{"line":242,"column":29}},{"start":{"line":242,"column":33},"end":{"line":242,"column":41}}],"line":242}},"s":{"0":16,"1":9,"2":9,"3":9,"4":9,"5":9,"6":0,"7":9,"8":1,"9":8,"10":0,"11":8,"12":1,"13":7,"14":1,"15":6,"16":6,"17":0,"18":6,"19":1,"20":5,"21":1,"22":4,"23":4,"24":4,"25":4,"26":4,"27":4,"28":4,"29":4,"30":4,"31":4,"32":0,"33":0,"34":16,"35":6,"36":6,"37":6,"38":0,"39":6,"40":0,"41":6,"42":6,"43":6,"44":0,"45":6,"46":6,"47":0,"48":6,"49":1,"50":5,"51":3,"52":3,"53":3,"54":3,"55":3,"56":3,"57":3,"58":3,"59":3,"60":2,"61":2,"62":2,"63":2,"64":2,"65":2,"66":2,"67":2,"68":2,"69":0,"70":0,"71":16,"72":1,"73":1,"74":1,"75":0,"76":1,"77":0,"78":1,"79":1,"80":0,"81":0,"82":16,"83":3,"84":3,"85":3,"86":0,"87":3,"88":3,"89":0,"90":3,"91":3,"92":3,"93":3,"94":3,"95":1,"96":2,"97":0,"98":0},"f":{"0":9,"1":6,"2":1,"3":3},"b":{"0":[9,0,0,0],"1":[0,9],"2":[1,8],"3":[0,8],"4":[8,8],"5":[1,7],"6":[8,7],"7":[1,6],"8":[0,6],"9":[1,5],"10":[1,4],"11":[4,0],"12":[4,4],"13":[0,6],"14":[0,6],"15":[6,0,0,0],"16":[0,6],"17":[6,6],"18":[0,6],"19":[1,5],"20":[3,2],"21":[0,1],"22":[0,1],"23":[3,0,0,0],"24":[0,3],"25":[3,3],"26":[0,3],"27":[1,2],"28":[3,2]},"inputSourceMap":null,"_coverageSchema":"1a1c01bbd47fc00a2c39e90264f33305004495a9","hash":"ff71255737c1f4c395cae2286a8b5209ea27386f"}
,"C:\\Users\\hp\\Music\\MyProjects\\SnapFix\\Server\\controllers\\userController.js": {"path":"C:\\Users\\hp\\Music\\MyProjects\\SnapFix\\Server\\controllers\\userController.js","statementMap":{"0":{"start":{"line":4,"column":18},"end":{"line":69,"column":1}},"1":{"start":{"line":5,"column":2},"end":{"line":68,"column":3}},"2":{"start":{"line":6,"column":19},"end":{"line":6,"column":32}},"3":{"start":{"line":7,"column":4},"end":{"line":12,"column":5}},"4":{"start":{"line":8,"column":6},"end":{"line":11,"column":9}},"5":{"start":{"line":14,"column":17},"end":{"line":23,"column":39}},"6":{"start":{"line":25,"column":4},"end":{"line":30,"column":5}},"7":{"start":{"line":26,"column":6},"end":{"line":29,"column":9}},"8":{"start":{"line":32,"column":50},"end":{"line":32,"column":54}},"9":{"start":{"line":35,"column":4},"end":{"line":41,"column":5}},"10":{"start":{"line":36,"column":6},"end":{"line":40,"column":9}},"11":{"start":{"line":43,"column":29},"end":{"line":53,"column":5}},"12":{"start":{"line":45,"column":21},"end":{"line":46,"column":58}},"13":{"start":{"line":48,"column":8},"end":{"line":51,"column":10}},"14":{"start":{"line":56,"column":4},"end":{"line":60,"column":7}},"15":{"start":{"line":63,"column":4},"end":{"line":63,"column":25}},"16":{"start":{"line":64,"column":4},"end":{"line":67,"column":7}}},"fnMap":{"0":{"name":"(anonymous_0)","decl":{"start":{"line":4,"column":18},"end":{"line":4,"column":19}},"loc":{"start":{"line":4,"column":38},"end":{"line":69,"column":1}},"line":4},"1":{"name":"(anonymous_1)","decl":{"start":{"line":44,"column":18},"end":{"line":44,"column":19}},"loc":{"start":{"line":44,"column":36},"end":{"line":52,"column":7}},"line":44}},"branchMap":{"0":{"loc":{"start":{"line":7,"column":4},"end":{"line":12,"column":5}},"type":"if","locations":[{"start":{"line":7,"column":4},"end":{"line":12,"column":5}},{"start":{},"end":{}}],"line":7},"1":{"loc":{"start":{"line":25,"column":4},"end":{"line":30,"column":5}},"type":"if","locations":[{"start":{"line":25,"column":4},"end":{"line":30,"column":5}},{"start":{},"end":{}}],"line":25},"2":{"loc":{"start":{"line":32,"column":12},"end":{"line":32,"column":24}},"type":"default-arg","locations":[{"start":{"line":32,"column":22},"end":{"line":32,"column":24}}],"line":32},"3":{"loc":{"start":{"line":32,"column":26},"end":{"line":32,"column":45}},"type":"default-arg","locations":[{"start":{"line":32,"column":43},"end":{"line":32,"column":45}}],"line":32},"4":{"loc":{"start":{"line":35,"column":4},"end":{"line":41,"column":5}},"type":"if","locations":[{"start":{"line":35,"column":4},"end":{"line":41,"column":5}},{"start":{},"end":{}}],"line":35},"5":{"loc":{"start":{"line":35,"column":8},"end":{"line":35,"column":59}},"type":"binary-expr","locations":[{"start":{"line":35,"column":8},"end":{"line":35,"column":28}},{"start":{"line":35,"column":32},"end":{"line":35,"column":59}}],"line":35}},"s":{"0":16,"1":2,"2":2,"3":2,"4":0,"5":2,"6":2,"7":0,"8":2,"9":2,"10":1,"11":1,"12":1,"13":1,"14":1,"15":0,"16":0},"f":{"0":2,"1":1},"b":{"0":[0,2],"1":[0,2],"2":[0],"3":[0],"4":[1,1],"5":[2,1]},"inputSourceMap":null,"_coverageSchema":"1a1c01bbd47fc00a2c39e90264f33305004495a9","hash":"d63ba8ec496f99e280d27f508253f37cd58d0b8c"}
[...]
,"C:\\Users\\hp\\Music\\MyProjects\\SnapFix\\Server\\models\\paymentModel.js": {"path":"C:\\Users\\hp\\Music\\MyProjects\\SnapFix\\Server\\models\\paymentModel.js","statementMap":{"0":{"start":{"line":3,"column":22},"end":{"line":11,"column":22}},"1":{"start":{"line":13,"column":0},"end":{"line":14,"column":37}},"2":{"start":{"line":16,"column":16},"end":{"line":16,"column":83}}},"fnMap":{},"branchMap":{"0":{"loc":{"start":{"line":16,"column":16},"end":{"line":16,"column":83}},"type":"binary-expr","locations":[{"start":{"line":16,"column":16},"end":{"line":16,"column":39}},{"start":{"line":16,"column":43},"end":{"line":16,"column":83}}],"line":16}},"s":{"0":17,"1":17,"2":17},"f":{},"b":{"0":[17,17]},"inputSourceMap":null,"_coverageSchema":"1a1c01bbd47fc00a2c39e90264f33305004495a9","hash":"c8e195f5a0bdd9a7a3f152ab79dc1fc7043b03c8"}
,"C:\\Users\\hp\\Music\\MyProjects\\SnapFix\\Server\\models\\reportModel.js": {"path":"C:\\Users\\hp\\Music\\MyProjects\\SnapFix\\Server\\models\\reportModel.js","statementMap":{"0":{"start":{"line":3,"column":21},"end":{"line":47,"column":24}},"1":{"start":{"line":16,"column":20},"end":{"line":18,"column":21}},"2":{"start":{"line":17,"column":24},"end":{"line":17,"column":37}},"3":{"start":{"line":20,"column":50},"end":{"line":20,"column":56}},"4":{"start":{"line":22,"column":20},"end":{"line":27,"column":22}},"5":{"start":{"line":49,"column":0},"end":{"line":49,"column":36}},"6":{"start":{"line":50,"column":0},"end":{"line":50,"column":44}},"7":{"start":{"line":52,"column":15},"end":{"line":52,"column":79}}},"fnMap":{"0":{"name":"(anonymous_0)","decl":{"start":{"line":15,"column":16},"end":{"line":15,"column":17}},"loc":{"start":{"line":15,"column":34},"end":{"line":28,"column":17}},"line":15}},"branchMap":{"0":{"loc":{"start":{"line":16,"column":20},"end":{"line":18,"column":21}},"type":"if","locations":[{"start":{"line":16,"column":20},"end":{"line":18,"column":21}},{"start":{},"end":{}}],"line":16},"1":{"loc":{"start":{"line":16,"column":24},"end":{"line":16,"column":54}},"type":"binary-expr","locations":[{"start":{"line":16,"column":24},"end":{"line":16,"column":31}},{"start":{"line":16,"column":35},"end":{"line":16,"column":54}}],"line":16},"2":{"loc":{"start":{"line":23,"column":24},"end":{"line":26,"column":38}},"type":"binary-expr","locations":[{"start":{"line":23,"column":24},"end":{"line":23,"column":41}},{"start":{"line":24,"column":24},"end":{"line":24,"column":40}},{"start":{"line":25,"column":24},"end":{"line":25,"column":39}},{"start":{"line":26,"column":24},"end":{"line":26,"column":38}}],"line":23},"3":{"loc":{"start":{"line":52,"column":15},"end":{"line":52,"column":79}},"type":"binary-expr","locations":[{"start":{"line":52,"column":15},"end":{"line":52,"column":37}},{"start":{"line":52,"column":41},"end":{"line":52,"column":79}}],"line":52}},"s":{"0":18,"1":34,"2":0,"3":34,"4":34,"5":18,"6":18,"7":18},"f":{"0":34},"b":{"0":[0,34],"1":[34,34],"2":[34,34,33,33],"3":[18,18]},"inputSourceMap":null,"_coverageSchema":"1a1c01bbd47fc00a2c39e90264f33305004495a9","hash":"40457346c4e51566c110d31fbcf7add884690e38"}
,"C:\\Users\\hp\\Music\\MyProjects\\SnapFix\\Server\\models\\taskAssignmentModel.js": {"path":"C:\\Users\\hp\\Music\\MyProjects\\SnapFix\\Server\\models\\taskAssignmentModel.js","statementMap":{"0":{"start":{"line":3,"column":29},"end":{"line":22,"column":24}},"1":{"start":{"line":24,"column":0},"end":{"line":24,"column":78}},"2":{"start":{"line":27,"column":13},"end":{"line":27,"column":81}}},"fnMap":{},"branchMap":{"0":{"loc":{"start":{"line":27,"column":13},"end":{"line":27,"column":81}},"type":"binary-expr","locations":[{"start":{"line":27,"column":13},"end":{"line":27,"column":33}},{"start":{"line":27,"column":37},"end":{"line":27,"column":81}}],"line":27}},"s":{"0":17,"1":17,"2":17},"f":{},"b":{"0":[17,17]},"inputSourceMap":null,"_coverageSchema":"1a1c01bbd47fc00a2c39e90264f33305004495a9","hash":"adcb52e82f410be837e7b09c3ed34814a612edc4"}
,"C:\\Users\\hp\\Music\\MyProjects\\SnapFix\\Server\\models\\userModel.js": {"path":"C:\\Users\\hp\\Music\\MyProjects\\SnapFix\\Server\\models\\userModel.js","statementMap":{"0":{"start":{"line":3,"column":19},"end":{"line":10,"column":22}},"1":{"start":{"line":12,"column":0},"end":{"line":12,"column":40}},"2":{"start":{"line":14,"column":13},"end":{"line":14,"column":72}}},"fnMap":{},"branchMap":{"0":{"loc":{"start":{"line":14,"column":13},"end":{"line":14,"column":72}},"type":"binary-expr","locations":[{"start":{"line":14,"column":13},"end":{"line":14,"column":33}},{"start":{"line":14,"column":37},"end":{"line":14,"column":72}}],"line":14}},"s":{"0":18,"1":18,"2":18},"f":{},"b":{"0":[18,18]},"inputSourceMap":null,"_coverageSchema":"1a1c01bbd47fc00a2c39e90264f33305004495a9","hash":"7433a4f7cee0f021d44df01f9019c17e58e27419"}
,"C:\\Users\\hp\\Music\\MyProjects\\SnapFix\\Server\\routes\\adminRoute.js": {"path":"C:\\Users\\hp\\Music\\MyProjects\\SnapFix\\Server\\routes\\adminRoute.js","statementMap":{"0":{"start":{"line":5,"column":20},"end":{"line":5,"column":36}},"1":{"start":{"line":7,"column":0},"end":{"line":7,"column":63}},"2":{"start":{"line":8,"column":0},"end":{"line":8,"column":63}},"3":{"start":{"line":9,"column":0},"end":{"line":9,"column":70}},"4":{"start":{"line":10,"column":0},"end":{"line":10,"column":63}},"5":{"start":{"line":11,"column":0},"end":{"line":11,"column":71}}},"fnMap":{},"branchMap":{},"s":{"0":16,"1":16,"2":16,"3":16,"4":16,"5":16},"f":{},"b":{},"inputSourceMap":null,"_coverageSchema":"1a1c01bbd47fc00a2c39e90264f33305004495a9","hash":"9e90bb6a014d8520835ab5dc23e7d3bbdbdeb6a8"}
,"C:\\Users\\hp\\Music\\MyProjects\\SnapFix\\Server\\routes\\authRoute.js": {"path":"C:\\Users\\hp\\Music\\MyProjects\\SnapFix\\Server\\routes\\authRoute.js","statementMap":{"0":{"start":{"line":4,"column":19},"end":{"line":4,"column":35}},"1":{"start":{"line":6,"column":0},"end":{"line":6,"column":47}},"2":{"start":{"line":7,"column":0},"end":{"line":7,"column":53}},"3":{"start":{"line":8,"column":0},"end":{"line":8,"column":51}},"4":{"start":{"line":9,"column":0},"end":{"line":9,"column":45}},"5":{"start":{"line":10,"column":0},"end":{"line":10,"column":43}}},"fnMap":{},"branchMap":{},"s":{"0":16,"1":16,"2":16,"3":16,"4":16,"5":16},"f":{},"b":{},"inputSourceMap":null,"_coverageSchema":"1a1c01bbd47fc00a2c39e90264f33305004495a9","hash":"33bc91b83cc6b422b61b195b76148e45cd54c908"}
,"C:\\Users\\hp\\Music\\MyProjects\\SnapFix\\Server\\routes\\bidRoute.js": {"path":"C:\\Users\\hp\\Music\\MyProjects\\SnapFix\\Server\\routes\\bidRoute.js","statementMap":{"0":{"start":{"line":6,"column":18},"end":{"line":6,"column":34}},"1":{"start":{"line":8,"column":0},"end":{"line":8,"column":60}}},"fnMap":{},"branchMap":{},"s":{"0":16,"1":16},"f":{},"b":{},"inputSourceMap":null,"_coverageSchema":"1a1c01bbd47fc00a2c39e90264f33305004495a9","hash":"33415ee68371efe5ff8f8d2017f0e993d9e63598"}
,"C:\\Users\\hp\\Music\\MyProjects\\SnapFix\\Server\\routes\\notificationRoute.js": {"path":"C:\\Users\\hp\\Music\\MyProjects\\SnapFix\\Server\\routes\\notificationRoute.js","statementMap":{"0":{"start":{"line":5,"column":27},"end":{"line":5,"column":43}},"1":{"start":{"line":7,"column":0},"end":{"line":7,"column":62}},"2":{"start":{"line":8,"column":0},"end":{"line":8,"column":64}}},"fnMap":{},"branchMap":{},"s":{"0":16,"1":16,"2":16},"f":{},"b":{},"inputSourceMap":null,"_coverageSchema":"1a1c01bbd47fc00a2c39e90264f33305004495a9","hash":"529a25f7c97fbd9cf417a2cc581e1665699c834b"}
,"C:\\Users\\hp\\Music\\MyProjects\\SnapFix\\Server\\routes\\reportRoute.js": {"path":"C:\\Users\\hp\\Music\\MyProjects\\SnapFix\\Server\\routes\\reportRoute.js","statementMap":{"0":{"start":{"line":6,"column":21},"end":{"line":6,"column":37}},"1":{"start":{"line":8,"column":0},"end":{"line":8,"column":88}},"2":{"start":{"line":9,"column":0},"end":{"line":9,"column":57}},"3":{"start":{"line":10,"column":0},"end":{"line":10,"column":62}},"4":{"start":{"line":11,"column":0},"end":{"line":11,"column":67}}},"fnMap":{},"branchMap":{},"s":{"0":16,"1":16,"2":16,"3":16,"4":16},"f":{},"b":{},"inputSourceMap":null,"_coverageSchema":"1a1c01bbd47fc00a2c39e90264f33305004495a9","hash":"d5725056d866217e7365d0f107f34493efccd1e5"}
,"C:\\Users\\hp\\Music\\MyProjects\\SnapFix\\Server\\routes\\taskRoute.js": {"path":"C:\\Users\\hp\\Music\\MyProjects\\SnapFix\\Server\\routes\\taskRoute.js","statementMap":{"0":{"start":{"line":6,"column":19},"end":{"line":6,"column":35}},"1":{"start":{"line":8,"column":0},"end":{"line":8,"column":87}},"2":{"start":{"line":9,"column":0},"end":{"line":9,"column":63}},"3":{"start":{"line":10,"column":0},"end":{"line":10,"column":55}},"4":{"start":{"line":11,"column":0},"end":{"line":11,"column":53}}},"fnMap":{},"branchMap":{},"s":{"0":16,"1":16,"2":16,"3":16,"4":16},"f":{},"b":{},"inputSourceMap":null,"_coverageSchema":"1a1c01bbd47fc00a2c39e90264f33305004495a9","hash":"8f98e48b13d34831f1d98531d89e0fd49622dc24"}
,"C:\\Users\\hp\\Music\\MyProjects\\SnapFix\\Server\\routes\\userRoute.js": {"path":"C:\\Users\\hp\\Music\\MyProjects\\SnapFix\\Server\\routes\\userRoute.js","statementMap":{"0":{"start":{"line":5,"column":19},"end":{"line":5,"column":35}},"1":{"start":{"line":7,"column":0},"end":{"line":7,"column":56}}},"fnMap":{},"branchMap":{},"s":{"0":16,"1":16},"f":{},"b":{},"inputSourceMap":null,"_coverageSchema":"1a1c01bbd47fc00a2c39e90264f33305004495a9","hash":"1b5acc65bd04a04edda1f3268d0c42f03cff31ed"}
,"C:\\Users\\hp\\Music\\MyProjects\\SnapFix\\Server\\routes\\workerRoute.js": {"path":"C:\\Users\\hp\\Music\\MyProjects\\SnapFix\\Server\\routes\\workerRoute.js","statementMap":{"0":{"start":{"line":5,"column":21},"end":{"line":5,"column":37}},"1":{"start":{"line":7,"column":0},"end":{"line":7,"column":67}},"2":{"start":{"line":8,"column":0},"end":{"line":8,"column":61}}},"fnMap":{},"branchMap":{},"s":{"0":16,"1":16,"2":16},"f":{},"b":{},"inputSourceMap":null,"_coverageSchema":"1a1c01bbd47fc00a2c39e90264f33305004495a9","hash":"0e6d48c0d479cf4c58c3759738cdbf924aa4d35e"}
,"C:\\Users\\hp\\Music\\MyProjects\\SnapFix\\Server\\tests\\helpers\\testHelpers.js": {"path":"C:\\Users\\hp\\Music\\MyProjects\\SnapFix\\Server\\tests\\helpers\\testHelpers.js","statementMap":{"0":{"start":{"line":10,"column":31},"end":{"line":10,"column":62}},"1":{"start":{"line":12,"column":28},"end":{"line":15,"column":1}},"2":{"start":{"line":13,"column":4},"end":{"line":13,"column":45}},"3":{"start":{"line":14,"column":4},"end":{"line":14,"column":56}},"4":{"start":{"line":17,"column":33},"end":{"line":19,"column":1}},"5":{"start":{"line":18,"column":4},"end":{"line":18,"column":77}},"6":{"start":{"line":21,"column":33},"end":{"line":31,"column":1}},"7":{"start":{"line":22,"column":20},"end":{"line":28,"column":6}},"8":{"start":{"line":29,"column":18},"end":{"line":29,"column":70}},"9":{"start":{"line":30,"column":4},"end":{"line":30,"column":30}},"10":{"start":{"line":33,"column":32},"end":{"line":50,"column":1}},"11":{"start":{"line":34,"column":19},"end":{"line":47,"column":6}},"12":{"start":{"line":48,"column":18},"end":{"line":48,"column":71}},"13":{"start":{"line":49,"column":4},"end":{"line":49,"column":29}},"14":{"start":{"line":52,"column":31},"end":{"line":61,"column":1}},"15":{"start":{"line":53,"column":18},"end":{"line":58,"column":6}},"16":{"start":{"line":59,"column":18},"end":{"line":59,"column":69}},"17":{"start":{"line":60,"column":4},"end":{"line":60,"column":28}},"18":{"start":{"line":63,"column":34},"end":{"line":76,"column":1}},"19":{"start":{"line":64,"column":20},"end":{"line":64,"column":62}},"20":{"start":{"line":65,"column":4},"end":{"line":67,"column":5}},"21":{"start":{"line":66,"column":8},"end":{"line":66,"column":51}},"22":{"start":{"line":68,"column":21},"end":{"line":68,"column":82}},"23":{"start":{"line":69,"column":21},"end":{"line":69,"column":76}},"24":{"start":{"line":72,"column":27},"end":{"line":72,"column":125}},"25":{"start":{"line":74,"column":4},"end":{"line":74,"column":70}},"26":{"start":{"line":75,"column":4},"end":{"line":75,"column":20}},"27":{"start":{"line":78,"column":36},"end":{"line":91,"column":1}},"28":{"start":{"line":79,"column":4},"end":{"line":90,"column":7}},"29":{"start":{"line":80,"column":19},"end":{"line":80,"column":69}},"30":{"start":{"line":81,"column":25},"end":{"line":85,"column":10}},"31":{"start":{"line":83,"column":16},"end":{"line":83,"column":23}},"32":{"start":{"line":86,"column":8},"end":{"line":88,"column":11}},"33":{"start":{"line":87,"column":12},"end":{"line":87,"column":84}},"34":{"start":{"line":87,"column":20},"end":{"line":87,"column":84}},"35":{"start":{"line":89,"column":8},"end":{"line":89,"column":24}}},"fnMap":{"0":{"name":"(anonymous_0)","decl":{"start":{"line":12,"column":28},"end":{"line":12,"column":29}},"loc":{"start":{"line":12,"column":34},"end":{"line":15,"column":1}},"line":12},"1":{"name":"(anonymous_1)","decl":{"start":{"line":17,"column":33},"end":{"line":17,"column":34}},"loc":{"start":{"line":17,"column":47},"end":{"line":19,"column":1}},"line":17},"2":{"name":"(anonymous_2)","decl":{"start":{"line":21,"column":33},"end":{"line":21,"column":34}},"loc":{"start":{"line":21,"column":59},"end":{"line":31,"column":1}},"line":21},"3":{"name":"(anonymous_3)","decl":{"start":{"line":33,"column":32},"end":{"line":33,"column":33}},"loc":{"start":{"line":33,"column":58},"end":{"line":50,"column":1}},"line":33},"4":{"name":"(anonymous_4)","decl":{"start":{"line":52,"column":31},"end":{"line":52,"column":32}},"loc":{"start":{"line":52,"column":57},"end":{"line":61,"column":1}},"line":52},"5":{"name":"(anonymous_5)","decl":{"start":{"line":63,"column":34},"end":{"line":63,"column":35}},"loc":{"start":{"line":63,"column":40},"end":{"line":76,"column":1}},"line":63},"6":{"name":"(anonymous_6)","decl":{"start":{"line":78,"column":36},"end":{"line":78,"column":37}},"loc":{"start":{"line":78,"column":52},"end":{"line":91,"column":1}},"line":78},"7":{"name":"(anonymous_7)","decl":{"start":{"line":79,"column":48},"end":{"line":79,"column":49}},"loc":{"start":{"line":79,"column":71},"end":{"line":90,"column":5}},"line":79},"8":{"name":"(anonymous_8)","decl":{"start":{"line":82,"column":12},"end":{"line":82,"column":13}},"loc":{"start":{"line":82,"column":41},"end":{"line":84,"column":13}},"line":82},"9":{"name":"(anonymous_9)","decl":{"start":{"line":86,"column":25},"end":{"line":86,"column":26}},"loc":{"start":{"line":86,"column":31},"end":{"line":88,"column":9}},"line":86}},"branchMap":{"0":{"loc":{"start":{"line":18,"column":34},"end":{"line":18,"column":75}},"type":"binary-expr","locations":[{"start":{"line":18,"column":34},"end":{"line":18,"column":56}},{"start":{"line":18,"column":60},"end":{"line":18,"column":75}}],"line":18},"1":{"loc":{"start":{"line":21,"column":40},"end":{"line":21,"column":54}},"type":"default-arg","locations":[{"start":{"line":21,"column":52},"end":{"line":21,"column":54}}],"line":21},"2":{"loc":{"start":{"line":33,"column":39},"end":{"line":33,"column":53}},"type":"default-arg","locations":[{"start":{"line":33,"column":51},"end":{"line":33,"column":53}}],"line":33},"3":{"loc":{"start":{"line":52,"column":38},"end":{"line":52,"column":52}},"type":"default-arg","locations":[{"start":{"line":52,"column":50},"end":{"line":52,"column":52}}],"line":52},"4":{"loc":{"start":{"line":65,"column":4},"end":{"line":67,"column":5}},"type":"if","locations":[{"start":{"line":65,"column":4},"end":{"line":67,"column":5}},{"start":{},"end":{}}],"line":65},"5":{"loc":{"start":{"line":80,"column":19},"end":{"line":80,"column":69}},"type":"cond-expr","locations":[{"start":{"line":80,"column":51},"end":{"line":80,"column":58}},{"start":{"line":80,"column":61},"end":{"line":80,"column":69}}],"line":80},"6":{"loc":{"start":{"line":87,"column":12},"end":{"line":87,"column":84}},"type":"if","locations":[{"start":{"line":87,"column":12},"end":{"line":87,"column":84}},{"start":{},"end":{}}],"line":87}},"s":{"0":16,"1":16,"2":16,"3":16,"4":16,"5":98,"6":16,"7":44,"8":44,"9":44,"10":16,"11":31,"12":31,"13":31,"14":16,"15":22,"16":22,"17":22,"18":16,"19":11,"20":11,"21":0,"22":11,"23":11,"24":11,"25":11,"26":11,"27":16,"28":0,"29":0,"30":0,"31":0,"32":0,"33":0,"34":0,"35":0},"f":{"0":16,"1":98,"2":44,"3":31,"4":22,"5":11,"6":0,"7":0,"8":0,"9":0},"b":{"0":[98,0],"1":[44],"2":[21],"3":[22],"4":[0,11],"5":[0,0],"6":[0,0]},"inputSourceMap":null,"_coverageSchema":"1a1c01bbd47fc00a2c39e90264f33305004495a9","hash":"eeae74afbba6c4aa03e999dec6eb84e37820d779"}
,"C:\\Users\\hp\\Music\\MyProjects\\SnapFix\\Server\\tests\\setup\\mongoMemory.js": {"path":"C:\\Users\\hp\\Music\\MyProjects\\SnapFix\\Server\\tests\\setup\\mongoMemory.js","statementMap":{"0":{"start":{"line":6,"column":29},"end":{"line":17,"column":1}},"1":{"start":{"line":7,"column":4},"end":{"line":16,"column":5}},"2":{"start":{"line":8,"column":8},"end":{"line":13,"column":11}},"3":{"start":{"line":14,"column":20},"end":{"line":14,"column":40}},"4":{"start":{"line":15,"column":8},"end":{"line":15,"column":36}},"5":{"start":{"line":19,"column":32},"end":{"line":36,"column":1}},"6":{"start":{"line":20,"column":4},"end":{"line":27,"column":5}},"7":{"start":{"line":21,"column":8},"end":{"line":26,"column":9}},"8":{"start":{"line":22,"column":12},"end":{"line":22,"column":53}},"9":{"start":{"line":23,"column":12},"end":{"line":23,"column":46}},"10":{"start":{"line":28,"column":4},"end":{"line":35,"column":5}},"11":{"start":{"line":29,"column":8},"end":{"line":33,"column":9}},"12":{"start":{"line":30,"column":12},"end":{"line":30,"column":41}},"13":{"start":{"line":34,"column":8},"end":{"line":34,"column":27}},"14":{"start":{"line":38,"column":27},"end":{"line":45,"column":1}},"15":{"start":{"line":39,"column":4},"end":{"line":44,"column":5}},"16":{"start":{"line":40,"column":28},"end":{"line":40,"column":59}},"17":{"start":{"line":41,"column":8},"end":{"line":43,"column":9}},"18":{"start":{"line":42,"column":12},"end":{"line":42,"column":50}}},"fnMap":{"0":{"name":"(anonymous_0)","decl":{"start":{"line":6,"column":29},"end":{"line":6,"column":30}},"loc":{"start":{"line":6,"column":41},"end":{"line":17,"column":1}},"line":6},"1":{"name":"(anonymous_1)","decl":{"start":{"line":19,"column":32},"end":{"line":19,"column":33}},"loc":{"start":{"line":19,"column":44},"end":{"line":36,"column":1}},"line":19},"2":{"name":"(anonymous_2)","decl":{"start":{"line":38,"column":27},"end":{"line":38,"column":28}},"loc":{"start":{"line":38,"column":39},"end":{"line":45,"column":1}},"line":38}},"branchMap":{"0":{"loc":{"start":{"line":7,"column":4},"end":{"line":16,"column":5}},"type":"if","locations":[{"start":{"line":7,"column":4},"end":{"line":16,"column":5}},{"start":{},"end":{}}],"line":7},"1":{"loc":{"start":{"line":20,"column":4},"end":{"line":27,"column":5}},"type":"if","locations":[{"start":{"line":20,"column":4},"end":{"line":27,"column":5}},{"start":{},"end":{}}],"line":20},"2":{"loc":{"start":{"line":28,"column":4},"end":{"line":35,"column":5}},"type":"if","locations":[{"start":{"line":28,"column":4},"end":{"line":35,"column":5}},{"start":{},"end":{}}],"line":28},"3":{"loc":{"start":{"line":39,"column":4},"end":{"line":44,"column":5}},"type":"if","locations":[{"start":{"line":39,"column":4},"end":{"line":44,"column":5}},{"start":{},"end":{}}],"line":39}},"s":{"0":16,"1":16,"2":16,"3":16,"4":16,"5":16,"6":16,"7":16,"8":16,"9":16,"10":16,"11":16,"12":16,"13":16,"14":16,"15":50,"16":50,"17":50,"18":400},"f":{"0":16,"1":16,"2":50},"b":{"0":[16,0],"1":[16,0],"2":[16,0],"3":[50,0]},"inputSourceMap":null,"_coverageSchema":"1a1c01bbd47fc00a2c39e90264f33305004495a9","hash":"c2cd962dd77a6c9fa040cbf2f52c6fda4da95e11"}
}
