TN:
SF:controllers\ReportController.js
FN:18,(anonymous_0)
FN:28,(anonymous_1)
FN:83,(anonymous_2)
FN:89,(anonymous_3)
FN:128,(anonymous_4)
FN:135,(anonymous_5)
FN:259,(anonymous_6)
FN:278,(anonymous_7)
FN:479,(anonymous_8)
FN:493,(anonymous_9)
FN:502,(anonymous_10)
FN:537,(anonymous_11)
FN:552,(anonymous_12)
FNF:13
FNH:1
FNDA:4,(anonymous_0)
FNDA:0,(anonymous_1)
FNDA:0,(anonymous_2)
FNDA:0,(anonymous_3)
FNDA:0,(anonymous_4)
FNDA:0,(anonymous_5)
FNDA:0,(anonymous_6)
FNDA:0,(anonymous_7)
FNDA:0,(anonymous_8)
FNDA:0,(anonymous_9)
FNDA:0,(anonymous_10)
FNDA:0,(anonymous_11)
FNDA:0,(anonymous_12)
DA:12,1
DA:18,1
DA:19,4
DA:20,2
DA:21,2
DA:22,4
DA:24,2
DA:28,1
DA:29,0
DA:31,0
DA:38,0
DA:44,0
DA:45,0
DA:51,0
DA:52,0
DA:58,0
DA:64,0
DA:67,0
DA:72,0
DA:77,0
DA:78,0
DA:80,0
DA:83,0
DA:84,0
DA:90,0
DA:91,0
DA:92,0
DA:94,0
DA:97,0
DA:101,0
DA:105,0
DA:106,0
DA:116,0
DA:129,0
DA:133,0
DA:136,0
DA:141,0
DA:145,0
DA:150,0
DA:155,0
DA:160,0
DA:164,0
DA:170,0
DA:172,0
DA:174,0
DA:181,0
DA:185,0
DA:196,0
DA:204,0
DA:206,0
DA:229,0
DA:237,0
DA:239,0
DA:241,0
DA:243,0
DA:245,0
DA:250,0
DA:251,0
DA:252,0
DA:258,0
DA:259,0
DA:264,0
DA:272,0
DA:274,0
DA:277,0
DA:279,0
DA:282,0
DA:284,0
DA:296,0
DA:306,0
DA:310,0
DA:314,0
DA:328,0
DA:343,0
DA:345,0
DA:372,0
DA:373,0
DA:375,0
DA:383,0
DA:385,0
DA:389,0
DA:408,0
DA:416,0
DA:419,0
DA:421,0
DA:422,0
DA:431,0
DA:436,0
DA:443,0
DA:445,0
DA:446,0
DA:454,0
DA:459,0
DA:466,0
DA:476,0
DA:477,0
DA:480,0
DA:481,0
DA:493,1
DA:494,0
DA:495,0
DA:496,0
DA:497,0
DA:498,0
DA:499,0
DA:501,0
DA:502,0
DA:505,0
DA:506,0
DA:507,0
DA:513,0
DA:514,0
DA:520,0
DA:521,0
DA:524,0
DA:525,0
DA:526,0
DA:529,0
DA:530,0
DA:537,1
DA:538,0
DA:539,0
DA:540,0
DA:541,0
DA:542,0
DA:544,0
DA:546,0
DA:547,0
DA:552,1
DA:553,0
DA:554,0
DA:557,0
DA:559,0
DA:560,0
DA:566,0
DA:567,0
DA:570,0
DA:571,0
DA:573,0
DA:585,0
DA:589,0
DA:590,0
DA:591,0
DA:594,0
DA:595,0
DA:602,0
DA:603,0
LF:147
LH:11
BRDA:19,0,0,2
BRDA:19,0,1,2
BRDA:19,1,0,4
BRDA:19,1,1,3
BRDA:19,1,2,3
BRDA:19,1,3,3
BRDA:44,2,0,0
BRDA:44,2,1,0
BRDA:44,3,0,0
BRDA:44,3,1,0
BRDA:51,4,0,0
BRDA:51,4,1,0
BRDA:90,5,0,0
BRDA:90,5,1,0
BRDA:174,6,0,0
BRDA:174,6,1,0
BRDA:175,7,0,0
BRDA:175,7,1,0
BRDA:175,7,2,0
BRDA:241,8,0,0
BRDA:241,8,1,0
BRDA:250,9,0,0
BRDA:250,9,1,0
BRDA:272,10,0,0
BRDA:272,10,1,0
BRDA:282,11,0,0
BRDA:282,11,1,0
BRDA:282,12,0,0
BRDA:282,12,1,0
BRDA:350,13,0,0
BRDA:350,13,1,0
BRDA:365,14,0,0
BRDA:365,14,1,0
BRDA:366,15,0,0
BRDA:366,15,1,0
BRDA:416,16,0,0
BRDA:416,16,1,0
BRDA:476,17,0,0
BRDA:476,17,1,0
BRDA:480,18,0,0
BRDA:480,18,1,0
BRDA:498,19,0,0
BRDA:498,19,1,0
BRDA:505,20,0,0
BRDA:505,20,1,0
BRDA:520,21,0,0
BRDA:520,21,1,0
BRDA:520,22,0,0
BRDA:520,22,1,0
BRDA:526,23,0,0
BRDA:526,23,1,0
BRDA:541,24,0,0
BRDA:541,24,1,0
BRDA:559,25,0,0
BRDA:559,25,1,0
BRF:55
BRH:6
end_of_record
TN:
SF:controllers\notificationController.js
FN:4,(anonymous_0)
FN:21,(anonymous_1)
FN:33,(anonymous_2)
FNF:3
FNH:0
FNDA:0,(anonymous_0)
FNDA:0,(anonymous_1)
FNDA:0,(anonymous_2)
DA:4,1
DA:5,0
DA:6,0
DA:7,0
DA:9,0
DA:13,0
DA:15,0
DA:16,0
DA:21,1
DA:22,0
DA:23,0
DA:24,0
DA:25,0
DA:27,0
DA:28,0
DA:33,1
DA:34,0
DA:35,0
DA:37,0
LF:19
LH:3
BRDA:7,0,0,0
BRDA:7,0,1,0
BRDA:7,1,0,0
BRDA:7,1,1,0
BRF:4
BRH:0
end_of_record
TN:
SF:models\bidModel.js
FNF:0
FNH:0
DA:3,1
DA:12,1
DA:17,1
LF:3
LH:3
BRDA:17,0,0,1
BRDA:17,0,1,1
BRF:2
BRH:2
end_of_record
TN:
SF:models\notificationModel.js
FNF:0
FNH:0
DA:3,1
DA:11,1
DA:13,1
LF:3
LH:3
BRDA:13,0,0,1
BRDA:13,0,1,1
BRF:2
BRH:2
end_of_record
TN:
SF:models\reportModel.js
FN:15,(anonymous_0)
FNF:1
FNH:1
FNDA:1,(anonymous_0)
DA:3,2
DA:16,1
DA:17,0
DA:20,1
DA:22,1
DA:49,2
DA:50,2
DA:52,2
LF:8
LH:7
BRDA:16,0,0,0
BRDA:16,0,1,1
BRDA:16,1,0,1
BRDA:16,1,1,1
BRDA:23,2,0,1
BRDA:23,2,1,1
BRDA:23,2,2,0
BRDA:23,2,3,0
BRDA:52,3,0,2
BRDA:52,3,1,2
BRF:10
BRH:7
end_of_record
TN:
SF:models\taskAssignmentModel.js
FNF:0
FNH:0
DA:3,1
DA:24,1
DA:27,1
LF:3
LH:3
BRDA:27,0,0,1
BRDA:27,0,1,1
BRF:2
BRH:2
end_of_record
TN:
SF:models\userModel.js
FNF:0
FNH:0
DA:3,1
DA:12,1
DA:14,1
LF:3
LH:3
BRDA:14,0,0,1
BRDA:14,0,1,1
BRF:2
BRH:2
end_of_record
