TN:
SF:app.js
FN:32,(anonymous_0)
FNF:1
FNH:1
FNDA:82,(anonymous_0)
DA:2,16
DA:17,16
DA:19,16
DA:21,16
DA:23,16
DA:30,16
DA:33,82
DA:34,82
DA:37,0
DA:38,0
DA:44,0
DA:49,16
DA:50,16
DA:51,16
DA:52,16
DA:53,16
DA:54,16
DA:55,16
DA:56,16
LF:19
LH:16
BRDA:33,0,0,82
BRDA:33,0,1,0
BRDA:37,1,0,0
BRDA:37,1,1,0
BRF:4
BRH:1
end_of_record
TN:
SF:controllers\ReportController.js
FN:18,(anonymous_0)
FN:28,(anonymous_1)
FN:83,(anonymous_2)
FN:89,(anonymous_3)
FN:128,(anonymous_4)
FN:135,(anonymous_5)
FN:259,(anonymous_6)
FN:278,(anonymous_7)
FN:486,(anonymous_8)
FN:500,(anonymous_9)
FN:512,(anonymous_10)
FN:547,(anonymous_11)
FN:565,(anonymous_12)
FNF:13
FNH:12
FNDA:5,(anonymous_0)
FNDA:9,(anonymous_1)
FNDA:7,(anonymous_2)
FNDA:7,(anonymous_3)
FNDA:6,(anonymous_4)
FNDA:1,(anonymous_5)
FNDA:1,(anonymous_6)
FNDA:0,(anonymous_7)
FNDA:7,(anonymous_8)
FNDA:2,(anonymous_9)
FNDA:1,(anonymous_10)
FNDA:2,(anonymous_11)
FNDA:2,(anonymous_12)
DA:12,17
DA:18,17
DA:19,5
DA:20,3
DA:21,3
DA:22,6
DA:24,3
DA:28,17
DA:29,9
DA:31,9
DA:38,9
DA:44,9
DA:45,1
DA:51,8
DA:52,1
DA:58,7
DA:64,7
DA:67,7
DA:72,7
DA:77,7
DA:78,7
DA:80,7
DA:83,7
DA:84,7
DA:90,7
DA:91,0
DA:92,0
DA:94,7
DA:97,7
DA:101,7
DA:105,7
DA:106,7
DA:116,7
DA:129,6
DA:133,6
DA:136,1
DA:141,1
DA:145,1
DA:150,7
DA:155,7
DA:160,7
DA:164,7
DA:170,7
DA:172,7
DA:174,7
DA:181,0
DA:185,0
DA:196,7
DA:204,7
DA:206,7
DA:229,7
DA:237,7
DA:239,7
DA:241,7
DA:243,6
DA:245,1
DA:250,1
DA:251,1
DA:252,1
DA:258,1
DA:259,1
DA:264,7
DA:272,7
DA:274,2
DA:277,2
DA:279,0
DA:282,2
DA:284,2
DA:296,2
DA:306,2
DA:310,2
DA:314,2
DA:328,5
DA:343,5
DA:345,5
DA:372,5
DA:373,5
DA:375,5
DA:383,5
DA:385,5
DA:389,5
DA:408,5
DA:416,5
DA:419,5
DA:421,5
DA:422,5
DA:431,5
DA:436,0
DA:443,5
DA:445,5
DA:446,5
DA:454,5
DA:459,0
DA:467,5
DA:472,0
DA:473,0
DA:483,9
DA:484,7
DA:487,7
DA:488,0
DA:500,17
DA:501,2
DA:502,2
DA:503,2
DA:504,2
DA:505,0
DA:507,2
DA:508,2
DA:509,0
DA:511,2
DA:512,1
DA:515,2
DA:516,1
DA:517,1
DA:523,1
DA:524,1
DA:530,1
DA:531,1
DA:534,2
DA:535,2
DA:536,2
DA:539,0
DA:540,0
DA:547,17
DA:548,2
DA:549,2
DA:550,2
DA:551,0
DA:553,2
DA:554,2
DA:555,1
DA:557,1
DA:559,0
DA:560,0
DA:565,17
DA:566,2
DA:567,2
DA:570,2
DA:572,2
DA:573,1
DA:579,1
DA:580,1
DA:583,1
DA:584,1
DA:586,1
DA:598,1
DA:602,1
DA:603,1
DA:604,2
DA:607,1
DA:608,1
DA:615,0
DA:616,0
LF:153
LH:134
BRDA:19,0,0,2
BRDA:19,0,1,3
BRDA:19,1,0,5
BRDA:19,1,1,4
BRDA:19,1,2,4
BRDA:19,1,3,4
BRDA:44,2,0,1
BRDA:44,2,1,8
BRDA:44,3,0,9
BRDA:44,3,1,8
BRDA:51,4,0,1
BRDA:51,4,1,7
BRDA:90,5,0,0
BRDA:90,5,1,7
BRDA:174,6,0,0
BRDA:174,6,1,7
BRDA:175,7,0,7
BRDA:175,7,1,6
BRDA:175,7,2,6
BRDA:241,8,0,6
BRDA:241,8,1,1
BRDA:250,9,0,1
BRDA:250,9,1,0
BRDA:272,10,0,2
BRDA:272,10,1,5
BRDA:282,11,0,2
BRDA:282,11,1,0
BRDA:282,12,0,2
BRDA:282,12,1,2
BRDA:350,13,0,5
BRDA:350,13,1,0
BRDA:365,14,0,5
BRDA:365,14,1,0
BRDA:366,15,0,5
BRDA:366,15,1,0
BRDA:416,16,0,5
BRDA:416,16,1,0
BRDA:475,17,0,0
BRDA:475,17,1,0
BRDA:483,18,0,7
BRDA:483,18,1,2
BRDA:487,19,0,0
BRDA:487,19,1,7
BRDA:503,20,0,2
BRDA:503,20,1,0
BRDA:504,21,0,0
BRDA:504,21,1,2
BRDA:504,22,0,2
BRDA:504,22,1,2
BRDA:508,23,0,0
BRDA:508,23,1,2
BRDA:515,24,0,1
BRDA:515,24,1,1
BRDA:530,25,0,1
BRDA:530,25,1,0
BRDA:530,26,0,1
BRDA:530,26,1,1
BRDA:536,27,0,1
BRDA:536,27,1,1
BRDA:549,28,0,2
BRDA:549,28,1,0
BRDA:550,29,0,0
BRDA:550,29,1,2
BRDA:550,30,0,2
BRDA:550,30,1,2
BRDA:554,31,0,1
BRDA:554,31,1,1
BRDA:572,32,0,1
BRDA:572,32,1,1
BRF:69
BRH:52
end_of_record
TN:
SF:controllers\adminController.js
FN:11,(anonymous_0)
FN:29,(anonymous_1)
FN:67,(anonymous_2)
FN:162,(anonymous_3)
FN:272,(anonymous_4)
FN:292,(anonymous_5)
FNF:6
FNH:6
FNDA:2,(anonymous_0)
FNDA:3,(anonymous_1)
FNDA:6,(anonymous_2)
FNDA:6,(anonymous_3)
FNDA:2,(anonymous_4)
FNDA:2,(anonymous_5)
DA:11,16
DA:12,2
DA:13,2
DA:14,2
DA:15,0
DA:17,2
DA:18,1
DA:20,1
DA:21,1
DA:23,0
DA:24,0
DA:29,16
DA:30,3
DA:31,3
DA:32,3
DA:33,0
DA:35,3
DA:36,0
DA:38,3
DA:40,3
DA:41,0
DA:44,3
DA:47,3
DA:48,0
DA:50,3
DA:53,3
DA:54,1
DA:56,2
DA:61,0
DA:62,0
DA:67,16
DA:68,6
DA:69,6
DA:71,6
DA:72,0
DA:75,6
DA:76,0
DA:79,6
DA:81,6
DA:82,0
DA:85,6
DA:86,6
DA:87,0
DA:90,6
DA:91,0
DA:95,6
DA:96,6
DA:97,1
DA:104,5
DA:105,5
DA:108,5
DA:114,5
DA:123,5
DA:135,5
DA:144,5
DA:147,5
DA:148,5
DA:151,5
DA:155,0
DA:156,0
DA:162,16
DA:163,6
DA:164,6
DA:165,6
DA:166,0
DA:169,6
DA:170,0
DA:172,6
DA:174,6
DA:175,0
DA:178,6
DA:179,6
DA:180,0
DA:184,6
DA:185,2
DA:191,4
DA:192,1
DA:195,3
DA:196,0
DA:200,3
DA:206,3
DA:207,0
DA:210,3
DA:213,3
DA:214,3
DA:215,0
DA:219,3
DA:220,3
DA:223,3
DA:224,3
DA:233,3
DA:236,3
DA:237,3
DA:241,3
DA:249,3
DA:250,3
DA:258,3
DA:266,0
DA:267,0
DA:272,16
DA:273,2
DA:274,2
DA:275,2
DA:276,0
DA:279,2
DA:280,0
DA:283,2
DA:292,2
DA:293,2
DA:299,2
DA:306,2
DA:311,0
DA:312,0
LF:113
LH:84
BRDA:14,0,0,0
BRDA:14,0,1,2
BRDA:17,1,0,1
BRDA:17,1,1,1
BRDA:32,2,0,0
BRDA:32,2,1,3
BRDA:35,3,0,0
BRDA:35,3,1,3
BRDA:38,4,0,3
BRDA:38,4,1,0
BRDA:38,4,2,0
BRDA:38,4,3,0
BRDA:40,5,0,0
BRDA:40,5,1,3
BRDA:40,6,0,3
BRDA:40,6,1,3
BRDA:47,7,0,0
BRDA:47,7,1,3
BRDA:53,8,0,1
BRDA:53,8,1,2
BRDA:71,9,0,0
BRDA:71,9,1,6
BRDA:75,10,0,0
BRDA:75,10,1,6
BRDA:79,11,0,6
BRDA:79,11,1,0
BRDA:79,11,2,0
BRDA:79,11,3,0
BRDA:81,12,0,0
BRDA:81,12,1,6
BRDA:81,13,0,6
BRDA:81,13,1,6
BRDA:86,14,0,0
BRDA:86,14,1,6
BRDA:90,15,0,0
BRDA:90,15,1,6
BRDA:96,16,0,1
BRDA:96,16,1,5
BRDA:147,17,0,5
BRDA:147,17,1,0
BRDA:165,18,0,0
BRDA:165,18,1,6
BRDA:169,19,0,0
BRDA:169,19,1,6
BRDA:172,20,0,6
BRDA:172,20,1,0
BRDA:172,20,2,0
BRDA:172,20,3,0
BRDA:174,21,0,0
BRDA:174,21,1,6
BRDA:174,22,0,6
BRDA:174,22,1,6
BRDA:179,23,0,0
BRDA:179,23,1,6
BRDA:184,24,0,2
BRDA:184,24,1,4
BRDA:184,25,0,6
BRDA:184,25,1,4
BRDA:191,26,0,1
BRDA:191,26,1,3
BRDA:195,27,0,0
BRDA:195,27,1,3
BRDA:195,28,0,3
BRDA:195,28,1,3
BRDA:206,29,0,0
BRDA:206,29,1,3
BRDA:210,30,0,3
BRDA:210,30,1,0
BRDA:214,31,0,0
BRDA:214,31,1,3
BRDA:219,32,0,3
BRDA:219,32,1,2
BRDA:249,33,0,3
BRDA:249,33,1,0
BRDA:275,34,0,0
BRDA:275,34,1,2
BRDA:279,35,0,0
BRDA:279,35,1,2
BRDA:301,36,0,2
BRDA:301,36,1,0
BRDA:302,37,0,2
BRDA:302,37,1,0
BRF:82
BRH:49
end_of_record
TN:
SF:controllers\authController.js
FN:7,(anonymous_0)
FN:30,(anonymous_1)
FN:49,(anonymous_2)
FN:54,(anonymous_3)
FN:87,(anonymous_4)
FN:109,(anonymous_5)
FNF:6
FNH:6
FNDA:4,(anonymous_0)
FNDA:2,(anonymous_1)
FNDA:3,(anonymous_2)
FNDA:2,(anonymous_3)
FNDA:1,(anonymous_4)
FNDA:1,(anonymous_5)
DA:7,16
DA:8,4
DA:9,4
DA:10,4
DA:12,4
DA:13,4
DA:15,3
DA:18,3
DA:24,0
DA:25,0
DA:30,16
DA:31,2
DA:32,2
DA:33,2
DA:34,2
DA:35,1
DA:37,1
DA:38,1
DA:43,0
DA:44,0
DA:49,16
DA:50,3
DA:51,3
DA:52,3
DA:54,2
DA:57,3
DA:58,1
DA:60,2
DA:61,2
DA:62,2
DA:65,2
DA:73,2
DA:81,0
DA:82,0
DA:87,16
DA:88,1
DA:89,1
DA:90,1
DA:91,1
DA:92,0
DA:94,1
DA:95,1
DA:103,0
DA:104,0
DA:109,16
DA:110,1
DA:111,1
DA:112,1
DA:113,0
DA:115,1
DA:117,1
DA:119,1
DA:120,1
DA:127,1
DA:128,1
DA:129,0
DA:132,1
DA:133,1
DA:135,0
DA:136,0
LF:60
LH:47
BRDA:13,0,0,1
BRDA:13,0,1,3
BRDA:34,1,0,1
BRDA:34,1,1,1
BRDA:34,2,0,2
BRDA:34,2,1,2
BRDA:52,3,0,2
BRDA:52,3,1,1
BRDA:57,4,0,1
BRDA:57,4,1,2
BRDA:57,5,0,3
BRDA:57,5,1,2
BRDA:62,6,0,0
BRDA:62,6,1,2
BRDA:91,7,0,0
BRDA:91,7,1,1
BRDA:91,8,0,1
BRDA:91,8,1,1
BRDA:112,9,0,0
BRDA:112,9,1,1
BRDA:117,10,0,1
BRDA:117,10,1,0
BRDA:128,11,0,0
BRDA:128,11,1,1
BRF:24
BRH:19
end_of_record
TN:
SF:controllers\bidController.js
FN:5,(anonymous_0)
FNF:1
FNH:1
FNDA:6,(anonymous_0)
DA:5,16
DA:6,6
DA:7,6
DA:8,6
DA:9,6
DA:11,6
DA:13,6
DA:14,0
DA:18,6
DA:19,6
DA:20,0
DA:23,6
DA:24,6
DA:25,1
DA:30,5
DA:33,5
DA:42,0
DA:43,0
LF:18
LH:14
BRDA:8,0,0,6
BRDA:8,0,1,0
BRDA:8,0,2,0
BRDA:8,0,3,0
BRDA:11,1,0,0
BRDA:11,1,1,6
BRDA:13,2,0,0
BRDA:13,2,1,6
BRDA:13,3,0,6
BRDA:13,3,1,6
BRDA:19,4,0,0
BRDA:19,4,1,6
BRDA:24,5,0,1
BRDA:24,5,1,5
BRF:14
BRH:8
end_of_record
TN:
SF:controllers\notificationController.js
FN:5,(anonymous_0)
FN:22,(anonymous_1)
FN:37,(anonymous_2)
FNF:3
FNH:3
FNDA:1,(anonymous_0)
FNDA:1,(anonymous_1)
FNDA:33,(anonymous_2)
DA:5,17
DA:6,1
DA:7,1
DA:8,1
DA:10,1
DA:14,1
DA:16,0
DA:17,0
DA:22,17
DA:23,1
DA:24,1
DA:25,1
DA:26,0
DA:28,1
DA:29,1
DA:31,0
DA:32,0
DA:37,17
DA:38,33
DA:39,33
DA:41,0
LF:21
LH:15
BRDA:8,0,0,1
BRDA:8,0,1,0
BRDA:8,1,0,0
BRDA:8,1,1,0
BRDA:24,2,0,1
BRDA:24,2,1,0
BRDA:25,3,0,0
BRDA:25,3,1,1
BRDA:25,4,0,1
BRDA:25,4,1,1
BRF:10
BRH:5
end_of_record
TN:
SF:controllers\taskController.js
FN:9,(anonymous_0)
FN:124,(anonymous_1)
FN:191,(anonymous_2)
FN:224,(anonymous_3)
FNF:4
FNH:4
FNDA:9,(anonymous_0)
FNDA:6,(anonymous_1)
FNDA:1,(anonymous_2)
FNDA:3,(anonymous_3)
DA:9,16
DA:10,9
DA:12,9
DA:13,9
DA:16,9
DA:17,9
DA:18,0
DA:21,9
DA:22,1
DA:28,8
DA:29,0
DA:36,8
DA:37,1
DA:43,7
DA:44,1
DA:51,6
DA:52,6
DA:53,0
DA:60,6
DA:61,1
DA:67,5
DA:68,1
DA:75,4
DA:80,4
DA:83,4
DA:93,4
DA:94,4
DA:97,4
DA:105,4
DA:106,4
DA:107,4
DA:110,4
DA:114,0
DA:115,0
DA:124,16
DA:125,6
DA:126,6
DA:127,6
DA:128,6
DA:129,0
DA:131,6
DA:132,6
DA:134,6
DA:135,0
DA:138,6
DA:141,6
DA:142,6
DA:143,1
DA:146,5
DA:147,3
DA:148,3
DA:149,3
DA:150,3
DA:152,3
DA:155,3
DA:157,3
DA:160,3
DA:162,3
DA:164,2
DA:165,2
DA:166,2
DA:167,2
DA:169,2
DA:172,2
DA:174,2
DA:177,2
DA:179,2
DA:185,0
DA:186,0
DA:191,16
DA:192,1
DA:193,1
DA:195,1
DA:196,0
DA:199,1
DA:200,0
DA:203,1
DA:207,1
DA:213,0
DA:214,0
DA:224,16
DA:225,3
DA:226,3
DA:228,3
DA:229,0
DA:232,3
DA:234,3
DA:236,3
DA:237,3
DA:239,3
DA:240,3
DA:242,3
DA:243,1
DA:246,2
DA:248,0
DA:249,0
LF:96
LH:80
BRDA:12,0,0,9
BRDA:12,0,1,0
BRDA:12,0,2,0
BRDA:12,0,3,0
BRDA:17,1,0,0
BRDA:17,1,1,9
BRDA:21,2,0,1
BRDA:21,2,1,8
BRDA:28,3,0,0
BRDA:28,3,1,8
BRDA:28,4,0,8
BRDA:28,4,1,8
BRDA:36,5,0,1
BRDA:36,5,1,7
BRDA:36,6,0,8
BRDA:36,6,1,7
BRDA:43,7,0,1
BRDA:43,7,1,6
BRDA:52,8,0,0
BRDA:52,8,1,6
BRDA:60,9,0,1
BRDA:60,9,1,5
BRDA:67,10,0,1
BRDA:67,10,1,4
BRDA:106,11,0,4
BRDA:106,11,1,0
BRDA:106,12,0,4
BRDA:106,12,1,4
BRDA:127,13,0,0
BRDA:127,13,1,6
BRDA:128,14,0,0
BRDA:128,14,1,6
BRDA:131,15,0,6
BRDA:131,15,1,0
BRDA:131,15,2,0
BRDA:131,15,3,0
BRDA:134,16,0,0
BRDA:134,16,1,6
BRDA:134,17,0,6
BRDA:134,17,1,6
BRDA:141,18,0,0
BRDA:141,18,1,6
BRDA:142,19,0,1
BRDA:142,19,1,5
BRDA:146,20,0,3
BRDA:146,20,1,2
BRDA:195,21,0,0
BRDA:195,21,1,1
BRDA:199,22,0,0
BRDA:199,22,1,1
BRDA:226,23,0,3
BRDA:226,23,1,0
BRDA:226,23,2,0
BRDA:226,23,3,0
BRDA:228,24,0,0
BRDA:228,24,1,3
BRDA:228,25,0,3
BRDA:228,25,1,3
BRDA:234,26,0,0
BRDA:234,26,1,3
BRDA:242,27,0,1
BRDA:242,27,1,2
BRDA:242,28,0,3
BRDA:242,28,1,2
BRF:64
BRH:43
end_of_record
TN:
SF:controllers\userController.js
FN:4,(anonymous_0)
FN:44,(anonymous_1)
FNF:2
FNH:2
FNDA:2,(anonymous_0)
FNDA:1,(anonymous_1)
DA:4,16
DA:5,2
DA:6,2
DA:7,2
DA:8,0
DA:14,2
DA:25,2
DA:26,0
DA:32,2
DA:35,2
DA:36,1
DA:43,1
DA:45,1
DA:48,1
DA:56,1
DA:63,0
DA:64,0
LF:17
LH:13
BRDA:7,0,0,0
BRDA:7,0,1,2
BRDA:25,1,0,0
BRDA:25,1,1,2
BRDA:32,2,0,0
BRDA:32,3,0,0
BRDA:35,4,0,1
BRDA:35,4,1,1
BRDA:35,5,0,2
BRDA:35,5,1,1
BRF:10
BRH:6
end_of_record
TN:
SF:controllers\workerController.js
FN:6,(anonymous_0)
FN:43,(anonymous_1)
FN:63,(anonymous_2)
FNF:3
FNH:3
FNDA:3,(anonymous_0)
FNDA:1,(anonymous_1)
FNDA:2,(anonymous_2)
DA:6,16
DA:7,3
DA:8,3
DA:10,3
DA:11,3
DA:12,0
DA:14,3
DA:18,1
DA:23,2
DA:24,2
DA:26,2
DA:41,2
DA:43,2
DA:44,2
DA:53,0
DA:54,0
DA:63,16
DA:64,2
DA:65,2
DA:66,1
DA:67,1
DA:69,0
DA:70,0
LF:23
LH:18
BRDA:11,0,0,0
BRDA:11,0,1,3
BRDA:14,1,0,1
BRDA:14,1,1,2
BRDA:15,2,0,3
BRDA:15,2,1,3
BRDA:65,3,0,1
BRDA:65,3,1,1
BRF:8
BRH:7
end_of_record
TN:
SF:middleware\authMiddleware.js
FN:7,(anonymous_0)
FNF:1
FNH:1
FNDA:69,(anonymous_0)
DA:7,16
DA:8,69
DA:9,69
DA:11,69
DA:12,1
DA:14,68
DA:16,68
DA:20,67
DA:22,28
DA:23,28
DA:25,20
DA:26,20
DA:31,19
DA:32,19
DA:34,0
DA:37,67
DA:38,1
DA:41,66
DA:42,66
DA:43,66
DA:44,66
DA:47,1
DA:48,1
LF:23
LH:22
BRDA:11,0,0,1
BRDA:11,0,1,68
BRDA:11,1,0,69
BRDA:11,1,1,68
BRDA:20,2,0,28
BRDA:20,2,1,20
BRDA:20,2,2,19
BRDA:20,2,3,19
BRDA:20,2,4,19
BRDA:20,2,5,19
BRDA:20,2,6,0
BRDA:37,3,0,1
BRDA:37,3,1,66
BRF:13
BRH:12
end_of_record
TN:
SF:middleware\multer.js
FN:4,(anonymous_0)
FNF:1
FNH:1
FNDA:15,(anonymous_0)
DA:3,16
DA:5,15
DA:9,16
LF:3
LH:3
BRF:0
BRH:0
end_of_record
TN:
SF:models\adminModel.js
FNF:0
FNH:0
DA:3,16
DA:9,16
DA:11,16
LF:3
LH:3
BRDA:11,0,0,16
BRDA:11,0,1,16
BRF:2
BRH:2
end_of_record
TN:
SF:models\bidModel.js
FNF:0
FNH:0
DA:3,17
DA:12,17
DA:17,17
LF:3
LH:3
BRDA:17,0,0,17
BRDA:17,0,1,17
BRF:2
BRH:2
end_of_record
TN:
SF:models\gigWorkerModel.js
FNF:0
FNH:0
DA:3,17
DA:20,17
DA:21,17
LF:3
LH:3
BRDA:21,0,0,17
BRDA:21,0,1,17
BRF:2
BRH:2
end_of_record
TN:
SF:models\notificationModel.js
FNF:0
FNH:0
DA:3,18
DA:11,18
DA:13,18
LF:3
LH:3
BRDA:13,0,0,18
BRDA:13,0,1,18
BRF:2
BRH:2
end_of_record
TN:
SF:models\paymentModel.js
FNF:0
FNH:0
DA:3,17
DA:13,17
DA:16,17
LF:3
LH:3
BRDA:16,0,0,17
BRDA:16,0,1,17
BRF:2
BRH:2
end_of_record
TN:
SF:models\reportModel.js
FN:15,(anonymous_0)
FNF:1
FNH:1
FNDA:34,(anonymous_0)
DA:3,18
DA:16,34
DA:17,0
DA:20,34
DA:22,34
DA:49,18
DA:50,18
DA:52,18
LF:8
LH:7
BRDA:16,0,0,0
BRDA:16,0,1,34
BRDA:16,1,0,34
BRDA:16,1,1,34
BRDA:23,2,0,34
BRDA:23,2,1,34
BRDA:23,2,2,33
BRDA:23,2,3,33
BRDA:52,3,0,18
BRDA:52,3,1,18
BRF:10
BRH:9
end_of_record
TN:
SF:models\taskAssignmentModel.js
FNF:0
FNH:0
DA:3,17
DA:24,17
DA:27,17
LF:3
LH:3
BRDA:27,0,0,17
BRDA:27,0,1,17
BRF:2
BRH:2
end_of_record
TN:
SF:models\userModel.js
FNF:0
FNH:0
DA:3,18
DA:12,18
DA:14,18
LF:3
LH:3
BRDA:14,0,0,18
BRDA:14,0,1,18
BRF:2
BRH:2
end_of_record
TN:
SF:routes\adminRoute.js
FNF:0
FNH:0
DA:5,16
DA:7,16
DA:8,16
DA:9,16
DA:10,16
DA:11,16
LF:6
LH:6
BRF:0
BRH:0
end_of_record
TN:
SF:routes\authRoute.js
FNF:0
FNH:0
DA:4,16
DA:6,16
DA:7,16
DA:8,16
DA:9,16
DA:10,16
LF:6
LH:6
BRF:0
BRH:0
end_of_record
TN:
SF:routes\bidRoute.js
FNF:0
FNH:0
DA:6,16
DA:8,16
LF:2
LH:2
BRF:0
BRH:0
end_of_record
TN:
SF:routes\notificationRoute.js
FNF:0
FNH:0
DA:5,16
DA:7,16
DA:8,16
LF:3
LH:3
BRF:0
BRH:0
end_of_record
TN:
SF:routes\reportRoute.js
FNF:0
FNH:0
DA:6,16
DA:8,16
DA:9,16
DA:10,16
DA:11,16
LF:5
LH:5
BRF:0
BRH:0
end_of_record
TN:
SF:routes\taskRoute.js
FNF:0
FNH:0
DA:6,16
DA:8,16
DA:9,16
DA:10,16
DA:11,16
LF:5
LH:5
BRF:0
BRH:0
end_of_record
TN:
SF:routes\userRoute.js
FNF:0
FNH:0
DA:5,16
DA:7,16
LF:2
LH:2
BRF:0
BRH:0
end_of_record
TN:
SF:routes\workerRoute.js
FNF:0
FNH:0
DA:5,16
DA:7,16
DA:8,16
LF:3
LH:3
BRF:0
BRH:0
end_of_record
TN:
SF:tests\helpers\testHelpers.js
FN:12,(anonymous_0)
FN:17,(anonymous_1)
FN:21,(anonymous_2)
FN:33,(anonymous_3)
FN:52,(anonymous_4)
FN:63,(anonymous_5)
FN:78,(anonymous_6)
FN:79,(anonymous_7)
FN:82,(anonymous_8)
FN:86,(anonymous_9)
FNF:10
FNH:6
FNDA:16,(anonymous_0)
FNDA:98,(anonymous_1)
FNDA:44,(anonymous_2)
FNDA:31,(anonymous_3)
FNDA:22,(anonymous_4)
FNDA:11,(anonymous_5)
FNDA:0,(anonymous_6)
FNDA:0,(anonymous_7)
FNDA:0,(anonymous_8)
FNDA:0,(anonymous_9)
DA:10,16
DA:12,16
DA:13,16
DA:14,16
DA:17,16
DA:18,98
DA:21,16
DA:22,44
DA:29,44
DA:30,44
DA:33,16
DA:34,31
DA:48,31
DA:49,31
DA:52,16
DA:53,22
DA:59,22
DA:60,22
DA:63,16
DA:64,11
DA:65,11
DA:66,0
DA:68,11
DA:69,11
DA:72,11
DA:74,11
DA:75,11
DA:78,16
DA:79,0
DA:80,0
DA:81,0
DA:83,0
DA:86,0
DA:87,0
DA:89,0
LF:35
LH:27
BRDA:18,0,0,98
BRDA:18,0,1,0
BRDA:21,1,0,44
BRDA:33,2,0,21
BRDA:52,3,0,22
BRDA:65,4,0,0
BRDA:65,4,1,11
BRDA:80,5,0,0
BRDA:80,5,1,0
BRDA:87,6,0,0
BRDA:87,6,1,0
BRF:11
BRH:5
end_of_record
TN:
SF:tests\setup\mongoMemory.js
FN:6,(anonymous_0)
FN:19,(anonymous_1)
FN:38,(anonymous_2)
FNF:3
FNH:3
FNDA:16,(anonymous_0)
FNDA:16,(anonymous_1)
FNDA:50,(anonymous_2)
DA:6,16
DA:7,16
DA:8,16
DA:14,16
DA:15,16
DA:19,16
DA:20,16
DA:21,16
DA:22,16
DA:23,16
DA:28,16
DA:29,16
DA:30,16
DA:34,16
DA:38,16
DA:39,50
DA:40,50
DA:41,50
DA:42,400
LF:19
LH:19
BRDA:7,0,0,16
BRDA:7,0,1,0
BRDA:20,1,0,16
BRDA:20,1,1,0
BRDA:28,2,0,16
BRDA:28,2,1,0
BRDA:39,3,0,50
BRDA:39,3,1,0
BRF:8
BRH:4
end_of_record
